{
  "/Users/igorms/Documents/Dev/onelink/apps/web/src/lib/constants.ts": {
    "path": "/Users/igorms/Documents/Dev/onelink/apps/web/src/lib/constants.ts",
    "statementMap": {
      "0": {
        "start": { "line": 7, "column": 31 },
        "end": { "line": 7, "column": null }
      },
      "1": {
        "start": { "line": 8, "column": 27 },
        "end": { "line": 8, "column": null }
      },
      "2": {
        "start": { "line": 9, "column": 31 },
        "end": { "line": 9, "column": null }
      },
      "3": {
        "start": { "line": 12, "column": 34 },
        "end": { "line": 12, "column": null }
      },
      "4": {
        "start": { "line": 13, "column": 34 },
        "end": { "line": 13, "column": null }
      },
      "5": {
        "start": { "line": 16, "column": 29 },
        "end": { "line": 16, "column": null }
      },
      "6": {
        "start": { "line": 19, "column": 23 },
        "end": { "line": 19, "column": null }
      },
      "7": {
        "start": { "line": 20, "column": 27 },
        "end": { "line": 20, "column": null }
      }
    },
    "fnMap": {},
    "branchMap": {},
    "s": { "0": 1, "1": 1, "2": 1, "3": 1, "4": 1, "5": 1, "6": 1, "7": 1 },
    "f": {},
    "b": {},
    "meta": {
      "lastBranch": 0,
      "lastFunction": 0,
      "lastStatement": 8,
      "seen": {
        "s:7:31:7:Infinity": 0,
        "s:8:27:8:Infinity": 1,
        "s:9:31:9:Infinity": 2,
        "s:12:34:12:Infinity": 3,
        "s:13:34:13:Infinity": 4,
        "s:16:29:16:Infinity": 5,
        "s:19:23:19:Infinity": 6,
        "s:20:27:20:Infinity": 7
      }
    }
  },
  "/Users/igorms/Documents/Dev/onelink/apps/web/src/lib/locales/en.json": {
    "path": "/Users/igorms/Documents/Dev/onelink/apps/web/src/lib/locales/en.json",
    "statementMap": {},
    "fnMap": {},
    "branchMap": {},
    "s": {},
    "f": {},
    "b": {},
    "meta": {
      "lastBranch": 0,
      "lastFunction": 0,
      "lastStatement": 0,
      "seen": {}
    }
  },
  "/Users/igorms/Documents/Dev/onelink/apps/web/src/routes/Dashboard/components/ProfileLinkCard.tsx": {
    "path": "/Users/igorms/Documents/Dev/onelink/apps/web/src/routes/Dashboard/components/ProfileLinkCard.tsx",
    "statementMap": {
      "0": {
        "start": { "line": 21, "column": 12 },
        "end": { "line": 21, "column": null }
      },
      "1": {
        "start": { "line": 22, "column": 8 },
        "end": { "line": 22, "column": null }
      },
      "2": {
        "start": { "line": 23, "column": 26 },
        "end": { "line": 23, "column": null }
      },
      "3": {
        "start": { "line": 24, "column": 38 },
        "end": { "line": 24, "column": null }
      },
      "4": {
        "start": { "line": 26, "column": 2 },
        "end": { "line": 28, "column": null }
      },
      "5": {
        "start": { "line": 27, "column": 4 },
        "end": { "line": 27, "column": null }
      },
      "6": {
        "start": { "line": 33, "column": 15 },
        "end": { "line": 33, "column": null }
      },
      "7": {
        "start": { "line": 35, "column": 4 },
        "end": { "line": 38, "column": null }
      },
      "8": {
        "start": { "line": 40, "column": 21 },
        "end": { "line": 42, "column": null }
      },
      "9": {
        "start": { "line": 44, "column": 21 },
        "end": { "line": 53, "column": null }
      },
      "10": {
        "start": { "line": 45, "column": 4 },
        "end": { "line": 52, "column": null }
      },
      "11": {
        "start": { "line": 46, "column": 6 },
        "end": { "line": 46, "column": null }
      },
      "12": {
        "start": { "line": 47, "column": 6 },
        "end": { "line": 47, "column": null }
      },
      "13": {
        "start": { "line": 48, "column": 6 },
        "end": { "line": 48, "column": null }
      },
      "14": {
        "start": { "line": 49, "column": 6 },
        "end": { "line": 49, "column": null }
      },
      "15": {
        "start": { "line": 49, "column": 23 },
        "end": { "line": 49, "column": 41 }
      },
      "16": {
        "start": { "line": 51, "column": 6 },
        "end": { "line": 51, "column": null }
      },
      "17": {
        "start": { "line": 55, "column": 24 },
        "end": { "line": 57, "column": null }
      },
      "18": {
        "start": { "line": 56, "column": 4 },
        "end": { "line": 56, "column": null }
      },
      "19": {
        "start": { "line": 59, "column": 23 },
        "end": { "line": 66, "column": null }
      },
      "20": {
        "start": { "line": 60, "column": 4 },
        "end": { "line": 64, "column": null }
      },
      "21": {
        "start": { "line": 61, "column": 6 },
        "end": { "line": 61, "column": null }
      },
      "22": {
        "start": { "line": 62, "column": 6 },
        "end": { "line": 62, "column": null }
      },
      "23": {
        "start": { "line": 63, "column": 6 },
        "end": { "line": 63, "column": null }
      },
      "24": {
        "start": { "line": 65, "column": 4 },
        "end": { "line": 65, "column": null }
      },
      "25": {
        "start": { "line": 68, "column": 2 },
        "end": { "line": 142, "column": null }
      }
    },
    "fnMap": {
      "0": {
        "name": "ProfileLinkCard",
        "decl": {
          "start": { "line": 20, "column": 16 },
          "end": { "line": 20, "column": 32 }
        },
        "loc": {
          "start": { "line": 20, "column": 72 },
          "end": { "line": 144, "column": null }
        },
        "line": 20
      },
      "1": {
        "name": "(anonymous_1)",
        "decl": {
          "start": { "line": 44, "column": 21 },
          "end": { "line": 44, "column": 33 }
        },
        "loc": {
          "start": { "line": 44, "column": 33 },
          "end": { "line": 53, "column": null }
        },
        "line": 44
      },
      "2": {
        "name": "(anonymous_2)",
        "decl": {
          "start": { "line": 49, "column": 17 },
          "end": { "line": 49, "column": 23 }
        },
        "loc": {
          "start": { "line": 49, "column": 23 },
          "end": { "line": 49, "column": 41 }
        },
        "line": 49
      },
      "3": {
        "name": "(anonymous_3)",
        "decl": {
          "start": { "line": 55, "column": 24 },
          "end": { "line": 55, "column": 30 }
        },
        "loc": {
          "start": { "line": 55, "column": 30 },
          "end": { "line": 57, "column": null }
        },
        "line": 55
      },
      "4": {
        "name": "(anonymous_4)",
        "decl": {
          "start": { "line": 59, "column": 23 },
          "end": { "line": 59, "column": 29 }
        },
        "loc": {
          "start": { "line": 59, "column": 29 },
          "end": { "line": 66, "column": null }
        },
        "line": 59
      }
    },
    "branchMap": {
      "0": {
        "loc": {
          "start": { "line": 26, "column": 2 },
          "end": { "line": 28, "column": null }
        },
        "type": "if",
        "locations": [
          {
            "start": { "line": 26, "column": 2 },
            "end": { "line": 28, "column": null }
          },
          { "start": {}, "end": {} }
        ],
        "line": 26
      },
      "1": {
        "loc": {
          "start": { "line": 33, "column": 15 },
          "end": { "line": 33, "column": null }
        },
        "type": "binary-expr",
        "locations": [
          {
            "start": { "line": 33, "column": 15 },
            "end": { "line": 33, "column": 40 }
          },
          {
            "start": { "line": 33, "column": 40 },
            "end": { "line": 33, "column": null }
          }
        ],
        "line": 33
      },
      "2": {
        "loc": {
          "start": { "line": 35, "column": 4 },
          "end": { "line": 38, "column": null }
        },
        "type": "binary-expr",
        "locations": [
          {
            "start": { "line": 35, "column": 4 },
            "end": { "line": 35, "column": null }
          },
          {
            "start": { "line": 36, "column": 4 },
            "end": { "line": 36, "column": null }
          },
          {
            "start": { "line": 37, "column": 4 },
            "end": { "line": 37, "column": null }
          },
          {
            "start": { "line": 38, "column": 4 },
            "end": { "line": 38, "column": null }
          }
        ],
        "line": 35
      },
      "3": {
        "loc": {
          "start": { "line": 40, "column": 21 },
          "end": { "line": 42, "column": null }
        },
        "type": "cond-expr",
        "locations": [
          {
            "start": { "line": 41, "column": 6 },
            "end": { "line": 41, "column": null }
          },
          {
            "start": { "line": 42, "column": 6 },
            "end": { "line": 42, "column": null }
          }
        ],
        "line": 40
      },
      "4": {
        "loc": {
          "start": { "line": 60, "column": 4 },
          "end": { "line": 64, "column": null }
        },
        "type": "if",
        "locations": [
          {
            "start": { "line": 60, "column": 4 },
            "end": { "line": 64, "column": null }
          },
          { "start": {}, "end": {} }
        ],
        "line": 60
      },
      "5": {
        "loc": {
          "start": { "line": 90, "column": 34 },
          "end": { "line": 90, "column": 120 }
        },
        "type": "cond-expr",
        "locations": [
          {
            "start": { "line": 90, "column": 43 },
            "end": { "line": 90, "column": 82 }
          },
          {
            "start": { "line": 90, "column": 82 },
            "end": { "line": 90, "column": 120 }
          }
        ],
        "line": 90
      },
      "6": {
        "loc": {
          "start": { "line": 97, "column": 11 },
          "end": { "line": 102, "column": null }
        },
        "type": "binary-expr",
        "locations": [
          {
            "start": { "line": 97, "column": 11 },
            "end": { "line": 97, "column": null }
          },
          {
            "start": { "line": 98, "column": 12 },
            "end": { "line": 102, "column": null }
          }
        ],
        "line": 97
      },
      "7": {
        "loc": {
          "start": { "line": 108, "column": 14 },
          "end": { "line": 110, "column": null }
        },
        "type": "cond-expr",
        "locations": [
          {
            "start": { "line": 109, "column": 18 },
            "end": { "line": 109, "column": null }
          },
          {
            "start": { "line": 110, "column": 18 },
            "end": { "line": 110, "column": null }
          }
        ],
        "line": 108
      }
    },
    "s": {
      "0": 12,
      "1": 12,
      "2": 12,
      "3": 12,
      "4": 12,
      "5": 1,
      "6": 11,
      "7": 12,
      "8": 12,
      "9": 12,
      "10": 2,
      "11": 2,
      "12": 1,
      "13": 1,
      "14": 1,
      "15": 0,
      "16": 1,
      "17": 12,
      "18": 1,
      "19": 12,
      "20": 1,
      "21": 0,
      "22": 0,
      "23": 0,
      "24": 1,
      "25": 12
    },
    "f": { "0": 12, "1": 2, "2": 0, "3": 1, "4": 1 },
    "b": {
      "0": [1, 11],
      "1": [11, 10],
      "2": [12, 11, 10, 10],
      "3": [1, 10],
      "4": [0, 1],
      "5": [1, 10],
      "6": [12, 2],
      "7": [2, 9]
    },
    "meta": {
      "lastBranch": 8,
      "lastFunction": 5,
      "lastStatement": 26,
      "seen": {
        "f:20:16:20:32": 0,
        "s:21:12:21:Infinity": 0,
        "s:22:8:22:Infinity": 1,
        "s:23:26:23:Infinity": 2,
        "s:24:38:24:Infinity": 3,
        "b:26:2:28:Infinity:undefined:undefined:undefined:undefined": 0,
        "s:26:2:28:Infinity": 4,
        "s:27:4:27:Infinity": 5,
        "s:33:15:33:Infinity": 6,
        "b:33:15:33:40:33:40:33:Infinity": 1,
        "s:35:4:38:Infinity": 7,
        "b:35:4:35:Infinity:36:4:36:Infinity:37:4:37:Infinity:38:4:38:Infinity": 2,
        "s:40:21:42:Infinity": 8,
        "b:41:6:41:Infinity:42:6:42:Infinity": 3,
        "s:44:21:53:Infinity": 9,
        "f:44:21:44:33": 1,
        "s:45:4:52:Infinity": 10,
        "s:46:6:46:Infinity": 11,
        "s:47:6:47:Infinity": 12,
        "s:48:6:48:Infinity": 13,
        "s:49:6:49:Infinity": 14,
        "f:49:17:49:23": 2,
        "s:49:23:49:41": 15,
        "s:51:6:51:Infinity": 16,
        "s:55:24:57:Infinity": 17,
        "f:55:24:55:30": 3,
        "s:56:4:56:Infinity": 18,
        "s:59:23:66:Infinity": 19,
        "f:59:23:59:29": 4,
        "b:60:4:64:Infinity:undefined:undefined:undefined:undefined": 4,
        "s:60:4:64:Infinity": 20,
        "s:61:6:61:Infinity": 21,
        "s:62:6:62:Infinity": 22,
        "s:63:6:63:Infinity": 23,
        "s:65:4:65:Infinity": 24,
        "s:68:2:142:Infinity": 25,
        "b:90:43:90:82:90:82:90:120": 5,
        "b:97:11:97:Infinity:98:12:102:Infinity": 6,
        "b:109:18:109:Infinity:110:18:110:Infinity": 7
      }
    }
  }
}
