{
  "/Users/igorms/Documents/Dev/onelink/apps/web/src/components/ui/dialog.tsx": {
    "path": "/Users/igorms/Documents/Dev/onelink/apps/web/src/components/ui/dialog.tsx",
    "statementMap": {
      "0": {
        "start": { "line": 9, "column": 2 },
        "end": { "line": 9, "column": null }
      },
      "1": {
        "start": { "line": 15, "column": 2 },
        "end": { "line": 15, "column": null }
      },
      "2": {
        "start": { "line": 21, "column": 2 },
        "end": { "line": 21, "column": null }
      },
      "3": {
        "start": { "line": 27, "column": 2 },
        "end": { "line": 27, "column": null }
      },
      "4": {
        "start": { "line": 34, "column": 2 },
        "end": { "line": 41, "column": null }
      },
      "5": {
        "start": { "line": 53, "column": 2 },
        "end": { "line": 71, "column": null }
      },
      "6": {
        "start": { "line": 76, "column": 2 },
        "end": { "line": 80, "column": null }
      },
      "7": {
        "start": { "line": 85, "column": 2 },
        "end": { "line": 92, "column": null }
      },
      "8": {
        "start": { "line": 100, "column": 2 },
        "end": { "line": 107, "column": null }
      },
      "9": {
        "start": { "line": 115, "column": 2 },
        "end": { "line": 119, "column": null }
      }
    },
    "fnMap": {
      "0": {
        "name": "Dialog",
        "decl": {
          "start": { "line": 6, "column": 9 },
          "end": { "line": 6, "column": 16 }
        },
        "loc": {
          "start": { "line": 8, "column": 54 },
          "end": { "line": 10, "column": null }
        },
        "line": 8
      },
      "1": {
        "name": "DialogTrigger",
        "decl": {
          "start": { "line": 12, "column": 9 },
          "end": { "line": 12, "column": 23 }
        },
        "loc": {
          "start": { "line": 14, "column": 57 },
          "end": { "line": 16, "column": null }
        },
        "line": 14
      },
      "2": {
        "name": "DialogPortal",
        "decl": {
          "start": { "line": 18, "column": 9 },
          "end": { "line": 18, "column": 22 }
        },
        "loc": {
          "start": { "line": 20, "column": 56 },
          "end": { "line": 22, "column": null }
        },
        "line": 20
      },
      "3": {
        "name": "DialogClose",
        "decl": {
          "start": { "line": 24, "column": 9 },
          "end": { "line": 24, "column": 21 }
        },
        "loc": {
          "start": { "line": 26, "column": 55 },
          "end": { "line": 28, "column": null }
        },
        "line": 26
      },
      "4": {
        "name": "DialogOverlay",
        "decl": {
          "start": { "line": 30, "column": 9 },
          "end": { "line": 30, "column": 23 }
        },
        "loc": {
          "start": { "line": 33, "column": 57 },
          "end": { "line": 43, "column": null }
        },
        "line": 33
      },
      "5": {
        "name": "DialogContent",
        "decl": {
          "start": { "line": 45, "column": 9 },
          "end": { "line": 45, "column": 23 }
        },
        "loc": {
          "start": { "line": 52, "column": 3 },
          "end": { "line": 73, "column": null }
        },
        "line": 52
      },
      "6": {
        "name": "DialogHeader",
        "decl": {
          "start": { "line": 75, "column": 9 },
          "end": { "line": 75, "column": 22 }
        },
        "loc": {
          "start": { "line": 75, "column": 76 },
          "end": { "line": 82, "column": null }
        },
        "line": 75
      },
      "7": {
        "name": "DialogFooter",
        "decl": {
          "start": { "line": 84, "column": 9 },
          "end": { "line": 84, "column": 22 }
        },
        "loc": {
          "start": { "line": 84, "column": 76 },
          "end": { "line": 94, "column": null }
        },
        "line": 84
      },
      "8": {
        "name": "DialogTitle",
        "decl": {
          "start": { "line": 96, "column": 9 },
          "end": { "line": 96, "column": 21 }
        },
        "loc": {
          "start": { "line": 99, "column": 55 },
          "end": { "line": 109, "column": null }
        },
        "line": 99
      },
      "9": {
        "name": "DialogDescription",
        "decl": {
          "start": { "line": 111, "column": 9 },
          "end": { "line": 111, "column": 27 }
        },
        "loc": {
          "start": { "line": 114, "column": 61 },
          "end": { "line": 121, "column": null }
        },
        "line": 114
      }
    },
    "branchMap": {
      "0": {
        "loc": {
          "start": { "line": 48, "column": 2 },
          "end": { "line": 48, "column": null }
        },
        "type": "default-arg",
        "locations": [
          {
            "start": { "line": 48, "column": 20 },
            "end": { "line": 48, "column": null }
          }
        ],
        "line": 48
      },
      "1": {
        "loc": {
          "start": { "line": 64, "column": 9 },
          "end": { "line": 68, "column": null }
        },
        "type": "binary-expr",
        "locations": [
          {
            "start": { "line": 64, "column": 9 },
            "end": { "line": 64, "column": null }
          },
          {
            "start": { "line": 65, "column": 10 },
            "end": { "line": 68, "column": null }
          }
        ],
        "line": 64
      }
    },
    "s": {
      "0": 4,
      "1": 0,
      "2": 4,
      "3": 0,
      "4": 0,
      "5": 4,
      "6": 0,
      "7": 0,
      "8": 0,
      "9": 0
    },
    "f": {
      "0": 4,
      "1": 0,
      "2": 4,
      "3": 0,
      "4": 0,
      "5": 4,
      "6": 0,
      "7": 0,
      "8": 0,
      "9": 0
    },
    "b": { "0": [4], "1": [4, 4] },
    "meta": {
      "lastBranch": 2,
      "lastFunction": 10,
      "lastStatement": 10,
      "seen": {
        "f:6:9:6:16": 0,
        "s:9:2:9:Infinity": 0,
        "f:12:9:12:23": 1,
        "s:15:2:15:Infinity": 1,
        "f:18:9:18:22": 2,
        "s:21:2:21:Infinity": 2,
        "f:24:9:24:21": 3,
        "s:27:2:27:Infinity": 3,
        "f:30:9:30:23": 4,
        "s:34:2:41:Infinity": 4,
        "f:45:9:45:23": 5,
        "b:48:20:48:Infinity": 0,
        "s:53:2:71:Infinity": 5,
        "b:64:9:64:Infinity:65:10:68:Infinity": 1,
        "f:75:9:75:22": 6,
        "s:76:2:80:Infinity": 6,
        "f:84:9:84:22": 7,
        "s:85:2:92:Infinity": 7,
        "f:96:9:96:21": 8,
        "s:100:2:107:Infinity": 8,
        "f:111:9:111:27": 9,
        "s:115:2:119:Infinity": 9
      }
    }
  },
  "/Users/igorms/Documents/Dev/onelink/apps/web/src/components/ui/drawer.tsx": {
    "path": "/Users/igorms/Documents/Dev/onelink/apps/web/src/components/ui/drawer.tsx",
    "statementMap": {
      "0": {
        "start": { "line": 9, "column": 2 },
        "end": { "line": 9, "column": null }
      },
      "1": {
        "start": { "line": 15, "column": 2 },
        "end": { "line": 15, "column": null }
      },
      "2": {
        "start": { "line": 21, "column": 2 },
        "end": { "line": 21, "column": null }
      },
      "3": {
        "start": { "line": 27, "column": 2 },
        "end": { "line": 27, "column": null }
      },
      "4": {
        "start": { "line": 34, "column": 2 },
        "end": { "line": 42, "column": null }
      },
      "5": {
        "start": { "line": 51, "column": 2 },
        "end": { "line": 69, "column": null }
      },
      "6": {
        "start": { "line": 74, "column": 2 },
        "end": { "line": 82, "column": null }
      },
      "7": {
        "start": { "line": 87, "column": 2 },
        "end": { "line": 92, "column": null }
      },
      "8": {
        "start": { "line": 100, "column": 2 },
        "end": { "line": 105, "column": null }
      },
      "9": {
        "start": { "line": 113, "column": 2 },
        "end": { "line": 118, "column": null }
      }
    },
    "fnMap": {
      "0": {
        "name": "Drawer",
        "decl": {
          "start": { "line": 6, "column": 9 },
          "end": { "line": 6, "column": 16 }
        },
        "loc": {
          "start": { "line": 8, "column": 54 },
          "end": { "line": 10, "column": null }
        },
        "line": 8
      },
      "1": {
        "name": "DrawerTrigger",
        "decl": {
          "start": { "line": 12, "column": 9 },
          "end": { "line": 12, "column": 23 }
        },
        "loc": {
          "start": { "line": 14, "column": 57 },
          "end": { "line": 16, "column": null }
        },
        "line": 14
      },
      "2": {
        "name": "DrawerPortal",
        "decl": {
          "start": { "line": 18, "column": 9 },
          "end": { "line": 18, "column": 22 }
        },
        "loc": {
          "start": { "line": 20, "column": 56 },
          "end": { "line": 22, "column": null }
        },
        "line": 20
      },
      "3": {
        "name": "DrawerClose",
        "decl": {
          "start": { "line": 24, "column": 9 },
          "end": { "line": 24, "column": 21 }
        },
        "loc": {
          "start": { "line": 26, "column": 55 },
          "end": { "line": 28, "column": null }
        },
        "line": 26
      },
      "4": {
        "name": "DrawerOverlay",
        "decl": {
          "start": { "line": 30, "column": 9 },
          "end": { "line": 30, "column": 23 }
        },
        "loc": {
          "start": { "line": 33, "column": 57 },
          "end": { "line": 44, "column": null }
        },
        "line": 33
      },
      "5": {
        "name": "DrawerContent",
        "decl": {
          "start": { "line": 46, "column": 9 },
          "end": { "line": 46, "column": 23 }
        },
        "loc": {
          "start": { "line": 50, "column": 57 },
          "end": { "line": 71, "column": null }
        },
        "line": 50
      },
      "6": {
        "name": "DrawerHeader",
        "decl": {
          "start": { "line": 73, "column": 9 },
          "end": { "line": 73, "column": 22 }
        },
        "loc": {
          "start": { "line": 73, "column": 76 },
          "end": { "line": 84, "column": null }
        },
        "line": 73
      },
      "7": {
        "name": "DrawerFooter",
        "decl": {
          "start": { "line": 86, "column": 9 },
          "end": { "line": 86, "column": 22 }
        },
        "loc": {
          "start": { "line": 86, "column": 76 },
          "end": { "line": 94, "column": null }
        },
        "line": 86
      },
      "8": {
        "name": "DrawerTitle",
        "decl": {
          "start": { "line": 96, "column": 9 },
          "end": { "line": 96, "column": 21 }
        },
        "loc": {
          "start": { "line": 99, "column": 55 },
          "end": { "line": 107, "column": null }
        },
        "line": 99
      },
      "9": {
        "name": "DrawerDescription",
        "decl": {
          "start": { "line": 109, "column": 9 },
          "end": { "line": 109, "column": 27 }
        },
        "loc": {
          "start": { "line": 112, "column": 61 },
          "end": { "line": 120, "column": null }
        },
        "line": 112
      }
    },
    "branchMap": {},
    "s": {
      "0": 2,
      "1": 0,
      "2": 2,
      "3": 0,
      "4": 0,
      "5": 2,
      "6": 0,
      "7": 0,
      "8": 0,
      "9": 0
    },
    "f": {
      "0": 2,
      "1": 0,
      "2": 2,
      "3": 0,
      "4": 0,
      "5": 2,
      "6": 0,
      "7": 0,
      "8": 0,
      "9": 0
    },
    "b": {},
    "meta": {
      "lastBranch": 0,
      "lastFunction": 10,
      "lastStatement": 10,
      "seen": {
        "f:6:9:6:16": 0,
        "s:9:2:9:Infinity": 0,
        "f:12:9:12:23": 1,
        "s:15:2:15:Infinity": 1,
        "f:18:9:18:22": 2,
        "s:21:2:21:Infinity": 2,
        "f:24:9:24:21": 3,
        "s:27:2:27:Infinity": 3,
        "f:30:9:30:23": 4,
        "s:34:2:42:Infinity": 4,
        "f:46:9:46:23": 5,
        "s:51:2:69:Infinity": 5,
        "f:73:9:73:22": 6,
        "s:74:2:82:Infinity": 6,
        "f:86:9:86:22": 7,
        "s:87:2:92:Infinity": 7,
        "f:96:9:96:21": 8,
        "s:100:2:105:Infinity": 8,
        "f:109:9:109:27": 9,
        "s:113:2:118:Infinity": 9
      }
    }
  },
  "/Users/igorms/Documents/Dev/onelink/apps/web/src/hooks/use-media-query.ts": {
    "path": "/Users/igorms/Documents/Dev/onelink/apps/web/src/hooks/use-media-query.ts",
    "statementMap": {
      "0": {
        "start": { "line": 9, "column": 28 },
        "end": { "line": 12, "column": null }
      },
      "1": {
        "start": { "line": 10, "column": 4 },
        "end": { "line": 10, "column": null }
      },
      "2": {
        "start": { "line": 10, "column": 39 },
        "end": { "line": 10, "column": null }
      },
      "3": {
        "start": { "line": 11, "column": 4 },
        "end": { "line": 11, "column": null }
      },
      "4": {
        "start": { "line": 14, "column": 2 },
        "end": { "line": 33, "column": null }
      },
      "5": {
        "start": { "line": 15, "column": 4 },
        "end": { "line": 15, "column": null }
      },
      "6": {
        "start": { "line": 15, "column": 39 },
        "end": { "line": 15, "column": null }
      },
      "7": {
        "start": { "line": 17, "column": 23 },
        "end": { "line": 17, "column": null }
      },
      "8": {
        "start": { "line": 18, "column": 4 },
        "end": { "line": 18, "column": null }
      },
      "9": {
        "start": { "line": 20, "column": 20 },
        "end": { "line": 22, "column": null }
      },
      "10": {
        "start": { "line": 21, "column": 6 },
        "end": { "line": 21, "column": null }
      },
      "11": {
        "start": { "line": 25, "column": 4 },
        "end": { "line": 32, "column": null }
      },
      "12": {
        "start": { "line": 26, "column": 6 },
        "end": { "line": 26, "column": null }
      },
      "13": {
        "start": { "line": 27, "column": 6 },
        "end": { "line": 27, "column": null }
      },
      "14": {
        "start": { "line": 27, "column": 19 },
        "end": { "line": 27, "column": null }
      },
      "15": {
        "start": { "line": 30, "column": 6 },
        "end": { "line": 30, "column": null }
      },
      "16": {
        "start": { "line": 31, "column": 6 },
        "end": { "line": 31, "column": null }
      },
      "17": {
        "start": { "line": 31, "column": 19 },
        "end": { "line": 31, "column": null }
      },
      "18": {
        "start": { "line": 35, "column": 2 },
        "end": { "line": 35, "column": null }
      }
    },
    "fnMap": {
      "0": {
        "name": "useMediaQuery",
        "decl": {
          "start": { "line": 8, "column": 16 },
          "end": { "line": 8, "column": 30 }
        },
        "loc": {
          "start": { "line": 8, "column": 54 },
          "end": { "line": 36, "column": null }
        },
        "line": 8
      },
      "1": {
        "name": "(anonymous_1)",
        "decl": {
          "start": { "line": 9, "column": 41 },
          "end": { "line": 9, "column": 47 }
        },
        "loc": {
          "start": { "line": 9, "column": 47 },
          "end": { "line": 12, "column": 3 }
        },
        "line": 9
      },
      "2": {
        "name": "(anonymous_2)",
        "decl": {
          "start": { "line": 14, "column": 12 },
          "end": { "line": 14, "column": 18 }
        },
        "loc": {
          "start": { "line": 14, "column": 18 },
          "end": { "line": 33, "column": 5 }
        },
        "line": 14
      },
      "3": {
        "name": "(anonymous_3)",
        "decl": {
          "start": { "line": 20, "column": 20 },
          "end": { "line": 20, "column": 21 }
        },
        "loc": {
          "start": { "line": 20, "column": 52 },
          "end": { "line": 22, "column": null }
        },
        "line": 20
      },
      "4": {
        "name": "(anonymous_4)",
        "decl": {
          "start": { "line": 27, "column": 13 },
          "end": { "line": 27, "column": 19 }
        },
        "loc": {
          "start": { "line": 27, "column": 19 },
          "end": { "line": 27, "column": null }
        },
        "line": 27
      },
      "5": {
        "name": "(anonymous_5)",
        "decl": {
          "start": { "line": 31, "column": 13 },
          "end": { "line": 31, "column": 19 }
        },
        "loc": {
          "start": { "line": 31, "column": 19 },
          "end": { "line": 31, "column": null }
        },
        "line": 31
      }
    },
    "branchMap": {
      "0": {
        "loc": {
          "start": { "line": 10, "column": 4 },
          "end": { "line": 10, "column": null }
        },
        "type": "if",
        "locations": [
          {
            "start": { "line": 10, "column": 4 },
            "end": { "line": 10, "column": null }
          },
          { "start": {}, "end": {} }
        ],
        "line": 10
      },
      "1": {
        "loc": {
          "start": { "line": 15, "column": 4 },
          "end": { "line": 15, "column": null }
        },
        "type": "if",
        "locations": [
          {
            "start": { "line": 15, "column": 4 },
            "end": { "line": 15, "column": null }
          },
          { "start": {}, "end": {} }
        ],
        "line": 15
      },
      "2": {
        "loc": {
          "start": { "line": 25, "column": 4 },
          "end": { "line": 32, "column": null }
        },
        "type": "if",
        "locations": [
          {
            "start": { "line": 25, "column": 4 },
            "end": { "line": 32, "column": null }
          },
          {
            "start": { "line": 28, "column": 11 },
            "end": { "line": 32, "column": null }
          }
        ],
        "line": 25
      }
    },
    "s": {
      "0": 6,
      "1": 6,
      "2": 0,
      "3": 6,
      "4": 6,
      "5": 6,
      "6": 0,
      "7": 6,
      "8": 6,
      "9": 6,
      "10": 0,
      "11": 6,
      "12": 6,
      "13": 6,
      "14": 6,
      "15": 0,
      "16": 0,
      "17": 0,
      "18": 6
    },
    "f": { "0": 6, "1": 6, "2": 6, "3": 0, "4": 6, "5": 0 },
    "b": { "0": [0, 6], "1": [0, 6], "2": [6, 0] },
    "meta": {
      "lastBranch": 3,
      "lastFunction": 6,
      "lastStatement": 19,
      "seen": {
        "f:8:16:8:30": 0,
        "s:9:28:12:Infinity": 0,
        "f:9:41:9:47": 1,
        "b:10:4:10:Infinity:undefined:undefined:undefined:undefined": 0,
        "s:10:4:10:Infinity": 1,
        "s:10:39:10:Infinity": 2,
        "s:11:4:11:Infinity": 3,
        "s:14:2:33:Infinity": 4,
        "f:14:12:14:18": 2,
        "b:15:4:15:Infinity:undefined:undefined:undefined:undefined": 1,
        "s:15:4:15:Infinity": 5,
        "s:15:39:15:Infinity": 6,
        "s:17:23:17:Infinity": 7,
        "s:18:4:18:Infinity": 8,
        "s:20:20:22:Infinity": 9,
        "f:20:20:20:21": 3,
        "s:21:6:21:Infinity": 10,
        "b:25:4:32:Infinity:28:11:32:Infinity": 2,
        "s:25:4:32:Infinity": 11,
        "s:26:6:26:Infinity": 12,
        "s:27:6:27:Infinity": 13,
        "f:27:13:27:19": 4,
        "s:27:19:27:Infinity": 14,
        "s:30:6:30:Infinity": 15,
        "s:31:6:31:Infinity": 16,
        "f:31:13:31:19": 5,
        "s:31:19:31:Infinity": 17,
        "s:35:2:35:Infinity": 18
      }
    }
  },
  "/Users/igorms/Documents/Dev/onelink/apps/web/src/lib/domain.ts": {
    "path": "/Users/igorms/Documents/Dev/onelink/apps/web/src/lib/domain.ts",
    "statementMap": {
      "0": {
        "start": { "line": 3, "column": 16 },
        "end": { "line": 3, "column": null }
      },
      "1": {
        "start": { "line": 4, "column": 2 },
        "end": { "line": 4, "column": null }
      },
      "2": {
        "start": { "line": 8, "column": 2 },
        "end": { "line": 13, "column": null }
      },
      "3": {
        "start": { "line": 9, "column": 14 },
        "end": { "line": 9, "column": null }
      },
      "4": {
        "start": { "line": 10, "column": 4 },
        "end": { "line": 10, "column": null }
      },
      "5": {
        "start": { "line": 12, "column": 4 },
        "end": { "line": 12, "column": null }
      }
    },
    "fnMap": {
      "0": {
        "name": "isBaseHost",
        "decl": {
          "start": { "line": 1, "column": 16 },
          "end": { "line": 1, "column": 27 }
        },
        "loc": {
          "start": { "line": 1, "column": 50 },
          "end": { "line": 5, "column": null }
        },
        "line": 1
      },
      "1": {
        "name": "isSafeHttpUrl",
        "decl": {
          "start": { "line": 7, "column": 16 },
          "end": { "line": 7, "column": 30 }
        },
        "loc": {
          "start": { "line": 7, "column": 52 },
          "end": { "line": 14, "column": null }
        },
        "line": 7
      }
    },
    "branchMap": {
      "0": {
        "loc": {
          "start": { "line": 4, "column": 9 },
          "end": { "line": 4, "column": null }
        },
        "type": "binary-expr",
        "locations": [
          {
            "start": { "line": 4, "column": 9 },
            "end": { "line": 4, "column": 39 }
          },
          {
            "start": { "line": 4, "column": 39 },
            "end": { "line": 4, "column": 64 }
          },
          {
            "start": { "line": 4, "column": 64 },
            "end": { "line": 4, "column": null }
          }
        ],
        "line": 4
      },
      "1": {
        "loc": {
          "start": { "line": 10, "column": 11 },
          "end": { "line": 10, "column": null }
        },
        "type": "binary-expr",
        "locations": [
          {
            "start": { "line": 10, "column": 11 },
            "end": { "line": 10, "column": 37 }
          },
          {
            "start": { "line": 10, "column": 37 },
            "end": { "line": 10, "column": null }
          }
        ],
        "line": 10
      }
    },
    "s": { "0": 9, "1": 9, "2": 11, "3": 11, "4": 11, "5": 2 },
    "f": { "0": 9, "1": 11 },
    "b": { "0": [9, 8, 7], "1": [11, 6] },
    "meta": {
      "lastBranch": 2,
      "lastFunction": 2,
      "lastStatement": 6,
      "seen": {
        "f:1:16:1:27": 0,
        "s:3:16:3:Infinity": 0,
        "s:4:2:4:Infinity": 1,
        "b:4:9:4:39:4:39:4:64:4:64:4:Infinity": 0,
        "f:7:16:7:30": 1,
        "s:8:2:13:Infinity": 2,
        "s:9:14:9:Infinity": 3,
        "s:10:4:10:Infinity": 4,
        "b:10:11:10:37:10:37:10:Infinity": 1,
        "s:12:4:12:Infinity": 5
      }
    }
  },
  "/Users/igorms/Documents/Dev/onelink/apps/web/src/lib/i18n.ts": {
    "path": "/Users/igorms/Documents/Dev/onelink/apps/web/src/lib/i18n.ts",
    "statementMap": {
      "0": {
        "start": { "line": 18, "column": 0 },
        "end": { "line": 91, "column": null }
      },
      "1": {
        "start": { "line": 19, "column": 2 },
        "end": { "line": 90, "column": null }
      },
      "2": {
        "start": { "line": 95, "column": 2 },
        "end": { "line": 95, "column": null }
      },
      "3": {
        "start": { "line": 99, "column": 2 },
        "end": { "line": 101, "column": null }
      },
      "4": {
        "start": { "line": 100, "column": 4 },
        "end": { "line": 100, "column": null }
      }
    },
    "fnMap": {
      "0": {
        "name": "setLanguage",
        "decl": {
          "start": { "line": 93, "column": 16 },
          "end": { "line": 93, "column": 28 }
        },
        "loc": {
          "start": { "line": 93, "column": 42 },
          "end": { "line": 102, "column": null }
        },
        "line": 93
      },
      "1": {
        "name": "(anonymous_1)",
        "decl": {
          "start": { "line": 99, "column": 34 },
          "end": { "line": 99, "column": 35 }
        },
        "loc": {
          "start": { "line": 99, "column": 43 },
          "end": { "line": 101, "column": 3 }
        },
        "line": 99
      }
    },
    "branchMap": {
      "0": {
        "loc": {
          "start": { "line": 18, "column": 0 },
          "end": { "line": 91, "column": null }
        },
        "type": "if",
        "locations": [
          {
            "start": { "line": 18, "column": 0 },
            "end": { "line": 91, "column": null }
          },
          { "start": {}, "end": {} }
        ],
        "line": 18
      }
    },
    "s": { "0": 2, "1": 2, "2": 16, "3": 16, "4": 0 },
    "f": { "0": 16, "1": 0 },
    "b": { "0": [2, 0] },
    "meta": {
      "lastBranch": 1,
      "lastFunction": 2,
      "lastStatement": 5,
      "seen": {
        "b:18:0:91:Infinity:undefined:undefined:undefined:undefined": 0,
        "s:18:0:91:Infinity": 0,
        "s:19:2:90:Infinity": 1,
        "f:93:16:93:28": 0,
        "s:95:2:95:Infinity": 2,
        "s:99:2:101:Infinity": 3,
        "f:99:34:99:35": 1,
        "s:100:4:100:Infinity": 4
      }
    }
  },
  "/Users/igorms/Documents/Dev/onelink/apps/web/src/lib/profile.ts": {
    "path": "/Users/igorms/Documents/Dev/onelink/apps/web/src/lib/profile.ts",
    "statementMap": {
      "0": {
        "start": { "line": 14, "column": 31 },
        "end": { "line": 22, "column": null }
      },
      "1": {
        "start": { "line": 23, "column": 2 },
        "end": { "line": 23, "column": null }
      },
      "2": {
        "start": { "line": 23, "column": 17 },
        "end": { "line": 23, "column": null }
      },
      "3": {
        "start": { "line": 26, "column": 19 },
        "end": { "line": 30, "column": null }
      },
      "4": {
        "start": { "line": 32, "column": 2 },
        "end": { "line": 32, "column": null }
      },
      "5": {
        "start": { "line": 32, "column": 21 },
        "end": { "line": 32, "column": null }
      },
      "6": {
        "start": { "line": 35, "column": 23 },
        "end": { "line": 35, "column": null }
      },
      "7": {
        "start": { "line": 36, "column": 19 },
        "end": { "line": 40, "column": null }
      },
      "8": {
        "start": { "line": 42, "column": 2 },
        "end": { "line": 42, "column": null }
      },
      "9": {
        "start": { "line": 42, "column": 22 },
        "end": { "line": 42, "column": null }
      },
      "10": {
        "start": { "line": 43, "column": 2 },
        "end": { "line": 43, "column": null }
      },
      "11": {
        "start": { "line": 49, "column": 26 },
        "end": { "line": 51, "column": null }
      },
      "12": {
        "start": { "line": 52, "column": 2 },
        "end": { "line": 52, "column": null }
      },
      "13": {
        "start": { "line": 52, "column": 13 },
        "end": { "line": 52, "column": null }
      },
      "14": {
        "start": { "line": 53, "column": 2 },
        "end": { "line": 53, "column": null }
      },
      "15": {
        "start": { "line": 59, "column": 26 },
        "end": { "line": 61, "column": null }
      },
      "16": {
        "start": { "line": 62, "column": 2 },
        "end": { "line": 62, "column": null }
      },
      "17": {
        "start": { "line": 62, "column": 13 },
        "end": { "line": 62, "column": null }
      },
      "18": {
        "start": { "line": 63, "column": 2 },
        "end": { "line": 63, "column": null }
      }
    },
    "fnMap": {
      "0": {
        "name": "getOrCreateProfile",
        "decl": {
          "start": { "line": 12, "column": 22 },
          "end": { "line": 12, "column": 41 }
        },
        "loc": {
          "start": { "line": 12, "column": 78 },
          "end": { "line": 44, "column": null }
        },
        "line": 12
      },
      "1": {
        "name": "getSelfPlan",
        "decl": {
          "start": { "line": 46, "column": 22 },
          "end": { "line": 46, "column": null }
        },
        "loc": {
          "start": { "line": 48, "column": 36 },
          "end": { "line": 54, "column": null }
        },
        "line": 48
      },
      "2": {
        "name": "getPlanBySlug",
        "decl": {
          "start": { "line": 56, "column": 22 },
          "end": { "line": 56, "column": null }
        },
        "loc": {
          "start": { "line": 58, "column": 36 },
          "end": { "line": 64, "column": null }
        },
        "line": 58
      }
    },
    "branchMap": {
      "0": {
        "loc": {
          "start": { "line": 19, "column": 8 },
          "end": { "line": 19, "column": null }
        },
        "type": "binary-expr",
        "locations": [
          {
            "start": { "line": 19, "column": 8 },
            "end": { "line": 19, "column": 67 }
          },
          {
            "start": { "line": 19, "column": 67 },
            "end": { "line": 19, "column": null }
          }
        ],
        "line": 19
      },
      "1": {
        "loc": {
          "start": { "line": 23, "column": 2 },
          "end": { "line": 23, "column": null }
        },
        "type": "if",
        "locations": [
          {
            "start": { "line": 23, "column": 2 },
            "end": { "line": 23, "column": null }
          },
          { "start": {}, "end": {} }
        ],
        "line": 23
      },
      "2": {
        "loc": {
          "start": { "line": 32, "column": 2 },
          "end": { "line": 32, "column": null }
        },
        "type": "if",
        "locations": [
          {
            "start": { "line": 32, "column": 2 },
            "end": { "line": 32, "column": null }
          },
          { "start": {}, "end": {} }
        ],
        "line": 32
      },
      "3": {
        "loc": {
          "start": { "line": 42, "column": 2 },
          "end": { "line": 42, "column": null }
        },
        "type": "if",
        "locations": [
          {
            "start": { "line": 42, "column": 2 },
            "end": { "line": 42, "column": null }
          },
          { "start": {}, "end": {} }
        ],
        "line": 42
      },
      "4": {
        "loc": {
          "start": { "line": 52, "column": 2 },
          "end": { "line": 52, "column": null }
        },
        "type": "if",
        "locations": [
          {
            "start": { "line": 52, "column": 2 },
            "end": { "line": 52, "column": null }
          },
          { "start": {}, "end": {} }
        ],
        "line": 52
      },
      "5": {
        "loc": {
          "start": { "line": 53, "column": 10 },
          "end": { "line": 53, "column": null }
        },
        "type": "binary-expr",
        "locations": [
          {
            "start": { "line": 53, "column": 10 },
            "end": { "line": 53, "column": 18 }
          },
          {
            "start": { "line": 53, "column": 18 },
            "end": { "line": 53, "column": null }
          }
        ],
        "line": 53
      },
      "6": {
        "loc": {
          "start": { "line": 62, "column": 2 },
          "end": { "line": 62, "column": null }
        },
        "type": "if",
        "locations": [
          {
            "start": { "line": 62, "column": 2 },
            "end": { "line": 62, "column": null }
          },
          { "start": {}, "end": {} }
        ],
        "line": 62
      },
      "7": {
        "loc": {
          "start": { "line": 63, "column": 10 },
          "end": { "line": 63, "column": null }
        },
        "type": "binary-expr",
        "locations": [
          {
            "start": { "line": 63, "column": 10 },
            "end": { "line": 63, "column": 18 }
          },
          {
            "start": { "line": 63, "column": 18 },
            "end": { "line": 63, "column": null }
          }
        ],
        "line": 63
      }
    },
    "s": {
      "0": 2,
      "1": 2,
      "2": 0,
      "3": 2,
      "4": 2,
      "5": 1,
      "6": 1,
      "7": 1,
      "8": 1,
      "9": 0,
      "10": 1,
      "11": 1,
      "12": 1,
      "13": 0,
      "14": 1,
      "15": 0,
      "16": 0,
      "17": 0,
      "18": 0
    },
    "f": { "0": 2, "1": 1, "2": 0 },
    "b": {
      "0": [2, 0],
      "1": [0, 2],
      "2": [1, 1],
      "3": [0, 1],
      "4": [0, 1],
      "5": [1, 0],
      "6": [0, 0],
      "7": [0, 0]
    },
    "meta": {
      "lastBranch": 8,
      "lastFunction": 3,
      "lastStatement": 19,
      "seen": {
        "f:12:22:12:41": 0,
        "s:14:31:22:Infinity": 0,
        "b:19:8:19:67:19:67:19:Infinity": 0,
        "b:23:2:23:Infinity:undefined:undefined:undefined:undefined": 1,
        "s:23:2:23:Infinity": 1,
        "s:23:17:23:Infinity": 2,
        "s:26:19:30:Infinity": 3,
        "b:32:2:32:Infinity:undefined:undefined:undefined:undefined": 2,
        "s:32:2:32:Infinity": 4,
        "s:32:21:32:Infinity": 5,
        "s:35:23:35:Infinity": 6,
        "s:36:19:40:Infinity": 7,
        "b:42:2:42:Infinity:undefined:undefined:undefined:undefined": 3,
        "s:42:2:42:Infinity": 8,
        "s:42:22:42:Infinity": 9,
        "s:43:2:43:Infinity": 10,
        "f:46:22:46:Infinity": 1,
        "s:49:26:51:Infinity": 11,
        "b:52:2:52:Infinity:undefined:undefined:undefined:undefined": 4,
        "s:52:2:52:Infinity": 12,
        "s:52:13:52:Infinity": 13,
        "s:53:2:53:Infinity": 14,
        "b:53:10:53:18:53:18:53:Infinity": 5,
        "f:56:22:56:Infinity": 2,
        "s:59:26:61:Infinity": 15,
        "b:62:2:62:Infinity:undefined:undefined:undefined:undefined": 6,
        "s:62:2:62:Infinity": 16,
        "s:62:13:62:Infinity": 17,
        "s:63:2:63:Infinity": 18,
        "b:63:10:63:18:63:18:63:Infinity": 7
      }
    }
  },
  "/Users/igorms/Documents/Dev/onelink/apps/web/src/lib/supabase.ts": {
    "path": "/Users/igorms/Documents/Dev/onelink/apps/web/src/lib/supabase.ts",
    "statementMap": {
      "0": {
        "start": { "line": 3, "column": 13 },
        "end": { "line": 6, "column": null }
      }
    },
    "fnMap": {},
    "branchMap": {},
    "s": { "0": 1 },
    "f": {},
    "b": {},
    "meta": {
      "lastBranch": 0,
      "lastFunction": 0,
      "lastStatement": 1,
      "seen": { "s:3:13:6:Infinity": 0 }
    }
  },
  "/Users/igorms/Documents/Dev/onelink/apps/web/src/lib/utils.ts": {
    "path": "/Users/igorms/Documents/Dev/onelink/apps/web/src/lib/utils.ts",
    "statementMap": {
      "0": {
        "start": { "line": 5, "column": 2 },
        "end": { "line": 5, "column": null }
      }
    },
    "fnMap": {
      "0": {
        "name": "cn",
        "decl": {
          "start": { "line": 4, "column": 16 },
          "end": { "line": 4, "column": 22 }
        },
        "loc": {
          "start": { "line": 4, "column": 44 },
          "end": { "line": 6, "column": null }
        },
        "line": 4
      }
    },
    "branchMap": {},
    "s": { "0": 6 },
    "f": { "0": 6 },
    "b": {},
    "meta": {
      "lastBranch": 0,
      "lastFunction": 1,
      "lastStatement": 1,
      "seen": { "f:4:16:4:22": 0, "s:5:2:5:Infinity": 0 }
    }
  },
  "/Users/igorms/Documents/Dev/onelink/apps/web/src/lib/locales/de.json": {
    "path": "/Users/igorms/Documents/Dev/onelink/apps/web/src/lib/locales/de.json",
    "statementMap": {},
    "fnMap": {},
    "branchMap": {},
    "s": {},
    "f": {},
    "b": {},
    "meta": {
      "lastBranch": 0,
      "lastFunction": 0,
      "lastStatement": 0,
      "seen": {}
    }
  },
  "/Users/igorms/Documents/Dev/onelink/apps/web/src/lib/locales/en.json": {
    "path": "/Users/igorms/Documents/Dev/onelink/apps/web/src/lib/locales/en.json",
    "statementMap": {},
    "fnMap": {},
    "branchMap": {},
    "s": {},
    "f": {},
    "b": {},
    "meta": {
      "lastBranch": 0,
      "lastFunction": 0,
      "lastStatement": 0,
      "seen": {}
    }
  },
  "/Users/igorms/Documents/Dev/onelink/apps/web/src/lib/locales/es.json": {
    "path": "/Users/igorms/Documents/Dev/onelink/apps/web/src/lib/locales/es.json",
    "statementMap": {},
    "fnMap": {},
    "branchMap": {},
    "s": {},
    "f": {},
    "b": {},
    "meta": {
      "lastBranch": 0,
      "lastFunction": 0,
      "lastStatement": 0,
      "seen": {}
    }
  },
  "/Users/igorms/Documents/Dev/onelink/apps/web/src/lib/locales/fr.json": {
    "path": "/Users/igorms/Documents/Dev/onelink/apps/web/src/lib/locales/fr.json",
    "statementMap": {},
    "fnMap": {},
    "branchMap": {},
    "s": {},
    "f": {},
    "b": {},
    "meta": {
      "lastBranch": 0,
      "lastFunction": 0,
      "lastStatement": 0,
      "seen": {}
    }
  },
  "/Users/igorms/Documents/Dev/onelink/apps/web/src/lib/locales/it.json": {
    "path": "/Users/igorms/Documents/Dev/onelink/apps/web/src/lib/locales/it.json",
    "statementMap": {},
    "fnMap": {},
    "branchMap": {},
    "s": {},
    "f": {},
    "b": {},
    "meta": {
      "lastBranch": 0,
      "lastFunction": 0,
      "lastStatement": 0,
      "seen": {}
    }
  },
  "/Users/igorms/Documents/Dev/onelink/apps/web/src/lib/locales/ja.json": {
    "path": "/Users/igorms/Documents/Dev/onelink/apps/web/src/lib/locales/ja.json",
    "statementMap": {},
    "fnMap": {},
    "branchMap": {},
    "s": {},
    "f": {},
    "b": {},
    "meta": {
      "lastBranch": 0,
      "lastFunction": 0,
      "lastStatement": 0,
      "seen": {}
    }
  },
  "/Users/igorms/Documents/Dev/onelink/apps/web/src/lib/locales/pt-BR.json": {
    "path": "/Users/igorms/Documents/Dev/onelink/apps/web/src/lib/locales/pt-BR.json",
    "statementMap": {},
    "fnMap": {},
    "branchMap": {},
    "s": {},
    "f": {},
    "b": {},
    "meta": {
      "lastBranch": 0,
      "lastFunction": 0,
      "lastStatement": 0,
      "seen": {}
    }
  },
  "/Users/igorms/Documents/Dev/onelink/apps/web/src/lib/locales/pt.json": {
    "path": "/Users/igorms/Documents/Dev/onelink/apps/web/src/lib/locales/pt.json",
    "statementMap": {},
    "fnMap": {},
    "branchMap": {},
    "s": {},
    "f": {},
    "b": {},
    "meta": {
      "lastBranch": 0,
      "lastFunction": 0,
      "lastStatement": 0,
      "seen": {}
    }
  },
  "/Users/igorms/Documents/Dev/onelink/apps/web/src/lib/locales/ru.json": {
    "path": "/Users/igorms/Documents/Dev/onelink/apps/web/src/lib/locales/ru.json",
    "statementMap": {},
    "fnMap": {},
    "branchMap": {},
    "s": {},
    "f": {},
    "b": {},
    "meta": {
      "lastBranch": 0,
      "lastFunction": 0,
      "lastStatement": 0,
      "seen": {}
    }
  },
  "/Users/igorms/Documents/Dev/onelink/apps/web/src/lib/locales/zh.json": {
    "path": "/Users/igorms/Documents/Dev/onelink/apps/web/src/lib/locales/zh.json",
    "statementMap": {},
    "fnMap": {},
    "branchMap": {},
    "s": {},
    "f": {},
    "b": {},
    "meta": {
      "lastBranch": 0,
      "lastFunction": 0,
      "lastStatement": 0,
      "seen": {}
    }
  },
  "/Users/igorms/Documents/Dev/onelink/apps/web/src/routes/Settings/index.tsx": {
    "path": "/Users/igorms/Documents/Dev/onelink/apps/web/src/routes/Settings/index.tsx",
    "statementMap": {
      "0": {
        "start": { "line": 20, "column": 12 },
        "end": { "line": 20, "column": null }
      },
      "1": {
        "start": { "line": 21, "column": 8 },
        "end": { "line": 21, "column": null }
      },
      "2": {
        "start": { "line": 22, "column": 24 },
        "end": { "line": 22, "column": null }
      },
      "3": {
        "start": { "line": 23, "column": 15 },
        "end": { "line": 23, "column": null }
      },
      "4": {
        "start": { "line": 26, "column": 2 },
        "end": { "line": 30, "column": null }
      },
      "5": {
        "start": { "line": 27, "column": 4 },
        "end": { "line": 29, "column": null }
      },
      "6": {
        "start": { "line": 28, "column": 6 },
        "end": { "line": 28, "column": null }
      },
      "7": {
        "start": { "line": 32, "column": 2 },
        "end": { "line": 34, "column": null }
      },
      "8": {
        "start": { "line": 33, "column": 4 },
        "end": { "line": 33, "column": null }
      },
      "9": {
        "start": { "line": 36, "column": 2 },
        "end": { "line": 67, "column": null }
      },
      "10": {
        "start": { "line": 38, "column": 37 },
        "end": { "line": 38, "column": 60 }
      },
      "11": {
        "start": { "line": 41, "column": 25 },
        "end": { "line": 41, "column": null }
      }
    },
    "fnMap": {
      "0": {
        "name": "Settings",
        "decl": {
          "start": { "line": 19, "column": 24 },
          "end": { "line": 19, "column": 35 }
        },
        "loc": {
          "start": { "line": 19, "column": 35 },
          "end": { "line": 69, "column": null }
        },
        "line": 19
      },
      "1": {
        "name": "(anonymous_1)",
        "decl": {
          "start": { "line": 26, "column": 12 },
          "end": { "line": 26, "column": 18 }
        },
        "loc": {
          "start": { "line": 26, "column": 18 },
          "end": { "line": 30, "column": 5 }
        },
        "line": 26
      },
      "2": {
        "name": "(anonymous_2)",
        "decl": {
          "start": { "line": 38, "column": 31 },
          "end": { "line": 38, "column": 37 }
        },
        "loc": {
          "start": { "line": 38, "column": 37 },
          "end": { "line": 38, "column": 60 }
        },
        "line": 38
      },
      "3": {
        "name": "(anonymous_3)",
        "decl": {
          "start": { "line": 41, "column": 19 },
          "end": { "line": 41, "column": 25 }
        },
        "loc": {
          "start": { "line": 41, "column": 25 },
          "end": { "line": 41, "column": null }
        },
        "line": 41
      }
    },
    "branchMap": {
      "0": {
        "loc": {
          "start": { "line": 23, "column": 36 },
          "end": { "line": 23, "column": 52 }
        },
        "type": "binary-expr",
        "locations": [
          {
            "start": { "line": 23, "column": 36 },
            "end": { "line": 23, "column": 48 }
          },
          {
            "start": { "line": 23, "column": 48 },
            "end": { "line": 23, "column": 52 }
          }
        ],
        "line": 23
      },
      "1": {
        "loc": {
          "start": { "line": 27, "column": 4 },
          "end": { "line": 29, "column": null }
        },
        "type": "if",
        "locations": [
          {
            "start": { "line": 27, "column": 4 },
            "end": { "line": 29, "column": null }
          },
          { "start": {}, "end": {} }
        ],
        "line": 27
      },
      "2": {
        "loc": {
          "start": { "line": 27, "column": 8 },
          "end": { "line": 27, "column": 27 }
        },
        "type": "binary-expr",
        "locations": [
          {
            "start": { "line": 27, "column": 8 },
            "end": { "line": 27, "column": 20 }
          },
          {
            "start": { "line": 27, "column": 20 },
            "end": { "line": 27, "column": 27 }
          }
        ],
        "line": 27
      },
      "3": {
        "loc": {
          "start": { "line": 32, "column": 2 },
          "end": { "line": 34, "column": null }
        },
        "type": "if",
        "locations": [
          {
            "start": { "line": 32, "column": 2 },
            "end": { "line": 34, "column": null }
          },
          { "start": {}, "end": {} }
        ],
        "line": 32
      },
      "4": {
        "loc": {
          "start": { "line": 60, "column": 11 },
          "end": { "line": 60, "column": null }
        },
        "type": "binary-expr",
        "locations": [
          {
            "start": { "line": 60, "column": 11 },
            "end": { "line": 60, "column": 29 }
          },
          {
            "start": { "line": 60, "column": 29 },
            "end": { "line": 60, "column": null }
          }
        ],
        "line": 60
      }
    },
    "s": {
      "0": 2,
      "1": 2,
      "2": 2,
      "3": 2,
      "4": 2,
      "5": 2,
      "6": 0,
      "7": 2,
      "8": 0,
      "9": 2,
      "10": 0,
      "11": 0
    },
    "f": { "0": 2, "1": 2, "2": 0, "3": 0 },
    "b": { "0": [2, 0], "1": [0, 2], "2": [2, 2], "3": [0, 2], "4": [2, 1] },
    "meta": {
      "lastBranch": 5,
      "lastFunction": 4,
      "lastStatement": 12,
      "seen": {
        "f:19:24:19:35": 0,
        "s:20:12:20:Infinity": 0,
        "s:21:8:21:Infinity": 1,
        "s:22:24:22:Infinity": 2,
        "s:23:15:23:Infinity": 3,
        "b:23:36:23:48:23:48:23:52": 0,
        "s:26:2:30:Infinity": 4,
        "f:26:12:26:18": 1,
        "b:27:4:29:Infinity:undefined:undefined:undefined:undefined": 1,
        "s:27:4:29:Infinity": 5,
        "b:27:8:27:20:27:20:27:27": 2,
        "s:28:6:28:Infinity": 6,
        "b:32:2:34:Infinity:undefined:undefined:undefined:undefined": 3,
        "s:32:2:34:Infinity": 7,
        "s:33:4:33:Infinity": 8,
        "s:36:2:67:Infinity": 9,
        "f:38:31:38:37": 2,
        "s:38:37:38:60": 10,
        "f:41:19:41:25": 3,
        "s:41:25:41:Infinity": 11,
        "b:60:11:60:29:60:29:60:Infinity": 4
      }
    }
  },
  "/Users/igorms/Documents/Dev/onelink/apps/web/src/routes/Settings/components/ActiveSessionsSection.tsx": {
    "path": "/Users/igorms/Documents/Dev/onelink/apps/web/src/routes/Settings/components/ActiveSessionsSection.tsx",
    "statementMap": {
      "0": {
        "start": { "line": 6, "column": 12 },
        "end": { "line": 6, "column": null }
      },
      "1": {
        "start": { "line": 7, "column": 8 },
        "end": { "line": 7, "column": null }
      },
      "2": {
        "start": { "line": 9, "column": 2 },
        "end": { "line": 36, "column": null }
      },
      "3": {
        "start": { "line": 23, "column": 25 },
        "end": { "line": 23, "column": null }
      },
      "4": {
        "start": { "line": 30, "column": 25 },
        "end": { "line": 30, "column": null }
      }
    },
    "fnMap": {
      "0": {
        "name": "ActiveSessionsSection",
        "decl": {
          "start": { "line": 5, "column": 16 },
          "end": { "line": 5, "column": 40 }
        },
        "loc": {
          "start": { "line": 5, "column": 40 },
          "end": { "line": 38, "column": null }
        },
        "line": 5
      },
      "1": {
        "name": "(anonymous_1)",
        "decl": {
          "start": { "line": 23, "column": 19 },
          "end": { "line": 23, "column": 25 }
        },
        "loc": {
          "start": { "line": 23, "column": 25 },
          "end": { "line": 23, "column": null }
        },
        "line": 23
      },
      "2": {
        "name": "(anonymous_2)",
        "decl": {
          "start": { "line": 30, "column": 19 },
          "end": { "line": 30, "column": 25 }
        },
        "loc": {
          "start": { "line": 30, "column": 25 },
          "end": { "line": 30, "column": null }
        },
        "line": 30
      }
    },
    "branchMap": {},
    "s": { "0": 3, "1": 3, "2": 3, "3": 1, "4": 1 },
    "f": { "0": 3, "1": 1, "2": 1 },
    "b": {},
    "meta": {
      "lastBranch": 0,
      "lastFunction": 3,
      "lastStatement": 5,
      "seen": {
        "f:5:16:5:40": 0,
        "s:6:12:6:Infinity": 0,
        "s:7:8:7:Infinity": 1,
        "s:9:2:36:Infinity": 2,
        "f:23:19:23:25": 1,
        "s:23:25:23:Infinity": 3,
        "f:30:19:30:25": 2,
        "s:30:25:30:Infinity": 4
      }
    }
  },
  "/Users/igorms/Documents/Dev/onelink/apps/web/src/routes/Settings/components/ApiIntegrationsSection.tsx": {
    "path": "/Users/igorms/Documents/Dev/onelink/apps/web/src/routes/Settings/components/ApiIntegrationsSection.tsx",
    "statementMap": {
      "0": {
        "start": { "line": 5, "column": 12 },
        "end": { "line": 5, "column": null }
      },
      "1": {
        "start": { "line": 7, "column": 2 },
        "end": { "line": 23, "column": null }
      }
    },
    "fnMap": {
      "0": {
        "name": "ApiIntegrationsSection",
        "decl": {
          "start": { "line": 4, "column": 16 },
          "end": { "line": 4, "column": 41 }
        },
        "loc": {
          "start": { "line": 4, "column": 41 },
          "end": { "line": 25, "column": null }
        },
        "line": 4
      }
    },
    "branchMap": {},
    "s": { "0": 2, "1": 2 },
    "f": { "0": 2 },
    "b": {},
    "meta": {
      "lastBranch": 0,
      "lastFunction": 1,
      "lastStatement": 2,
      "seen": {
        "f:4:16:4:41": 0,
        "s:5:12:5:Infinity": 0,
        "s:7:2:23:Infinity": 1
      }
    }
  },
  "/Users/igorms/Documents/Dev/onelink/apps/web/src/routes/Settings/components/BillingSection.tsx": {
    "path": "/Users/igorms/Documents/Dev/onelink/apps/web/src/routes/Settings/components/BillingSection.tsx",
    "statementMap": {
      "0": {
        "start": { "line": 10, "column": 12 },
        "end": { "line": 10, "column": null }
      },
      "1": {
        "start": { "line": 11, "column": 8 },
        "end": { "line": 11, "column": null }
      },
      "2": {
        "start": { "line": 12, "column": 16 },
        "end": { "line": 12, "column": null }
      },
      "3": {
        "start": { "line": 14, "column": 34 },
        "end": { "line": 16, "column": null }
      },
      "4": {
        "start": { "line": 15, "column": 4 },
        "end": { "line": 15, "column": null }
      },
      "5": {
        "start": { "line": 18, "column": 2 },
        "end": { "line": 76, "column": null }
      }
    },
    "fnMap": {
      "0": {
        "name": "BillingSection",
        "decl": {
          "start": { "line": 9, "column": 16 },
          "end": { "line": 9, "column": 31 }
        },
        "loc": {
          "start": { "line": 9, "column": 62 },
          "end": { "line": 78, "column": null }
        },
        "line": 9
      },
      "1": {
        "name": "(anonymous_1)",
        "decl": {
          "start": { "line": 14, "column": 34 },
          "end": { "line": 14, "column": 40 }
        },
        "loc": {
          "start": { "line": 14, "column": 40 },
          "end": { "line": 16, "column": null }
        },
        "line": 14
      }
    },
    "branchMap": {
      "0": {
        "loc": {
          "start": { "line": 37, "column": 14 },
          "end": { "line": 39, "column": null }
        },
        "type": "cond-expr",
        "locations": [
          {
            "start": { "line": 38, "column": 18 },
            "end": { "line": 38, "column": null }
          },
          {
            "start": { "line": 39, "column": 18 },
            "end": { "line": 39, "column": null }
          }
        ],
        "line": 37
      },
      "1": {
        "loc": {
          "start": { "line": 42, "column": 13 },
          "end": { "line": 42, "column": null }
        },
        "type": "cond-expr",
        "locations": [
          {
            "start": { "line": 42, "column": 21 },
            "end": { "line": 42, "column": 29 }
          },
          {
            "start": { "line": 42, "column": 29 },
            "end": { "line": 42, "column": null }
          }
        ],
        "line": 42
      },
      "2": {
        "loc": {
          "start": { "line": 45, "column": 9 },
          "end": { "line": 64, "column": null }
        },
        "type": "binary-expr",
        "locations": [
          {
            "start": { "line": 45, "column": 9 },
            "end": { "line": 45, "column": null }
          },
          {
            "start": { "line": 46, "column": 10 },
            "end": { "line": 64, "column": null }
          }
        ],
        "line": 45
      },
      "3": {
        "loc": {
          "start": { "line": 66, "column": 9 },
          "end": { "line": 73, "column": null }
        },
        "type": "binary-expr",
        "locations": [
          {
            "start": { "line": 66, "column": 9 },
            "end": { "line": 66, "column": null }
          },
          {
            "start": { "line": 67, "column": 10 },
            "end": { "line": 73, "column": null }
          }
        ],
        "line": 66
      }
    },
    "s": { "0": 4, "1": 4, "2": 4, "3": 4, "4": 0, "5": 4 },
    "f": { "0": 4, "1": 0 },
    "b": { "0": [2, 2], "1": [2, 2], "2": [4, 2], "3": [4, 2] },
    "meta": {
      "lastBranch": 4,
      "lastFunction": 2,
      "lastStatement": 6,
      "seen": {
        "f:9:16:9:31": 0,
        "s:10:12:10:Infinity": 0,
        "s:11:8:11:Infinity": 1,
        "s:12:16:12:Infinity": 2,
        "s:14:34:16:Infinity": 3,
        "f:14:34:14:40": 1,
        "s:15:4:15:Infinity": 4,
        "s:18:2:76:Infinity": 5,
        "b:38:18:38:Infinity:39:18:39:Infinity": 0,
        "b:42:21:42:29:42:29:42:Infinity": 1,
        "b:45:9:45:Infinity:46:10:64:Infinity": 2,
        "b:66:9:66:Infinity:67:10:73:Infinity": 3
      }
    }
  },
  "/Users/igorms/Documents/Dev/onelink/apps/web/src/routes/Settings/components/ChangePasswordForm.tsx": {
    "path": "/Users/igorms/Documents/Dev/onelink/apps/web/src/routes/Settings/components/ChangePasswordForm.tsx",
    "statementMap": {
      "0": {
        "start": { "line": 21, "column": 21 },
        "end": { "line": 25, "column": null }
      },
      "1": {
        "start": { "line": 46, "column": 2 },
        "end": { "line": 69, "column": null }
      },
      "2": {
        "start": { "line": 58, "column": 25 },
        "end": { "line": 58, "column": null }
      },
      "3": {
        "start": { "line": 80, "column": 12 },
        "end": { "line": 80, "column": null }
      },
      "4": {
        "start": { "line": 81, "column": 30 },
        "end": { "line": 81, "column": null }
      },
      "5": {
        "start": { "line": 82, "column": 26 },
        "end": { "line": 82, "column": null }
      },
      "6": {
        "start": { "line": 83, "column": 28 },
        "end": { "line": 83, "column": null }
      },
      "7": {
        "start": { "line": 85, "column": 2 },
        "end": { "line": 92, "column": null }
      },
      "8": {
        "start": { "line": 86, "column": 4 },
        "end": { "line": 91, "column": null }
      },
      "9": {
        "start": { "line": 87, "column": 6 },
        "end": { "line": 87, "column": null }
      },
      "10": {
        "start": { "line": 88, "column": 6 },
        "end": { "line": 88, "column": null }
      },
      "11": {
        "start": { "line": 89, "column": 6 },
        "end": { "line": 89, "column": null }
      },
      "12": {
        "start": { "line": 90, "column": 6 },
        "end": { "line": 90, "column": null }
      },
      "13": {
        "start": { "line": 94, "column": 22 },
        "end": { "line": 96, "column": null }
      },
      "14": {
        "start": { "line": 95, "column": 4 },
        "end": { "line": 95, "column": null }
      },
      "15": {
        "start": { "line": 95, "column": 27 },
        "end": { "line": 95, "column": 53 }
      },
      "16": {
        "start": { "line": 98, "column": 26 },
        "end": { "line": 101, "column": null }
      },
      "17": {
        "start": { "line": 99, "column": 4 },
        "end": { "line": 99, "column": null }
      },
      "18": {
        "start": { "line": 100, "column": 4 },
        "end": { "line": 100, "column": null }
      },
      "19": {
        "start": { "line": 103, "column": 19 },
        "end": { "line": 130, "column": null }
      },
      "20": {
        "start": { "line": 104, "column": 35 },
        "end": { "line": 104, "column": null }
      },
      "21": {
        "start": { "line": 106, "column": 4 },
        "end": { "line": 110, "column": null }
      },
      "22": {
        "start": { "line": 107, "column": 6 },
        "end": { "line": 109, "column": null }
      },
      "23": {
        "start": { "line": 112, "column": 4 },
        "end": { "line": 118, "column": null }
      },
      "24": {
        "start": { "line": 113, "column": 6 },
        "end": { "line": 113, "column": null }
      },
      "25": {
        "start": { "line": 114, "column": 4 },
        "end": { "line": 118, "column": null }
      },
      "26": {
        "start": { "line": 115, "column": 6 },
        "end": { "line": 115, "column": null }
      },
      "27": {
        "start": { "line": 116, "column": 4 },
        "end": { "line": 118, "column": null }
      },
      "28": {
        "start": { "line": 117, "column": 6 },
        "end": { "line": 117, "column": null }
      },
      "29": {
        "start": { "line": 120, "column": 4 },
        "end": { "line": 126, "column": null }
      },
      "30": {
        "start": { "line": 121, "column": 6 },
        "end": { "line": 123, "column": null }
      },
      "31": {
        "start": { "line": 124, "column": 4 },
        "end": { "line": 126, "column": null }
      },
      "32": {
        "start": { "line": 125, "column": 6 },
        "end": { "line": 125, "column": null }
      },
      "33": {
        "start": { "line": 128, "column": 4 },
        "end": { "line": 128, "column": null }
      },
      "34": {
        "start": { "line": 129, "column": 4 },
        "end": { "line": 129, "column": null }
      },
      "35": {
        "start": { "line": 132, "column": 23 },
        "end": { "line": 180, "column": null }
      },
      "36": {
        "start": { "line": 133, "column": 4 },
        "end": { "line": 133, "column": null }
      },
      "37": {
        "start": { "line": 134, "column": 4 },
        "end": { "line": 134, "column": null }
      },
      "38": {
        "start": { "line": 134, "column": 21 },
        "end": { "line": 134, "column": null }
      },
      "39": {
        "start": { "line": 136, "column": 4 },
        "end": { "line": 136, "column": null }
      },
      "40": {
        "start": { "line": 137, "column": 4 },
        "end": { "line": 179, "column": null }
      },
      "41": {
        "start": { "line": 138, "column": 33 },
        "end": { "line": 138, "column": null }
      },
      "42": {
        "start": { "line": 139, "column": 6 },
        "end": { "line": 141, "column": null }
      },
      "43": {
        "start": { "line": 140, "column": 8 },
        "end": { "line": 140, "column": null }
      },
      "44": {
        "start": { "line": 143, "column": 37 },
        "end": { "line": 146, "column": null }
      },
      "45": {
        "start": { "line": 148, "column": 6 },
        "end": { "line": 154, "column": null }
      },
      "46": {
        "start": { "line": 149, "column": 8 },
        "end": { "line": 151, "column": null }
      },
      "47": {
        "start": { "line": 152, "column": 8 },
        "end": { "line": 152, "column": null }
      },
      "48": {
        "start": { "line": 153, "column": 8 },
        "end": { "line": 153, "column": null }
      },
      "49": {
        "start": { "line": 156, "column": 37 },
        "end": { "line": 158, "column": null }
      },
      "50": {
        "start": { "line": 160, "column": 6 },
        "end": { "line": 164, "column": null }
      },
      "51": {
        "start": { "line": 161, "column": 8 },
        "end": { "line": 161, "column": null }
      },
      "52": {
        "start": { "line": 162, "column": 8 },
        "end": { "line": 162, "column": null }
      },
      "53": {
        "start": { "line": 163, "column": 8 },
        "end": { "line": 163, "column": null }
      },
      "54": {
        "start": { "line": 166, "column": 6 },
        "end": { "line": 166, "column": null }
      },
      "55": {
        "start": { "line": 167, "column": 6 },
        "end": { "line": 167, "column": null }
      },
      "56": {
        "start": { "line": 168, "column": 6 },
        "end": { "line": 168, "column": null }
      },
      "57": {
        "start": { "line": 169, "column": 6 },
        "end": { "line": 169, "column": null }
      },
      "58": {
        "start": { "line": 171, "column": 6 },
        "end": { "line": 171, "column": null }
      },
      "59": {
        "start": { "line": 173, "column": 8 },
        "end": { "line": 175, "column": null }
      },
      "60": {
        "start": { "line": 176, "column": 6 },
        "end": { "line": 176, "column": null }
      },
      "61": {
        "start": { "line": 178, "column": 6 },
        "end": { "line": 178, "column": null }
      },
      "62": {
        "start": { "line": 182, "column": 23 },
        "end": { "line": 187, "column": null }
      },
      "63": {
        "start": { "line": 183, "column": 4 },
        "end": { "line": 183, "column": null }
      },
      "64": {
        "start": { "line": 183, "column": 17 },
        "end": { "line": 183, "column": null }
      },
      "65": {
        "start": { "line": 184, "column": 4 },
        "end": { "line": 184, "column": null }
      },
      "66": {
        "start": { "line": 185, "column": 4 },
        "end": { "line": 185, "column": null }
      },
      "67": {
        "start": { "line": 186, "column": 4 },
        "end": { "line": 186, "column": null }
      },
      "68": {
        "start": { "line": 189, "column": 2 },
        "end": { "line": 245, "column": null }
      },
      "69": {
        "start": { "line": 199, "column": 29 },
        "end": { "line": 199, "column": null }
      },
      "70": {
        "start": { "line": 209, "column": 29 },
        "end": { "line": 209, "column": null }
      },
      "71": {
        "start": { "line": 220, "column": 29 },
        "end": { "line": 220, "column": null }
      }
    },
    "fnMap": {
      "0": {
        "name": "PasswordField",
        "decl": {
          "start": { "line": 27, "column": 9 },
          "end": { "line": 27, "column": 23 }
        },
        "loc": {
          "start": { "line": 45, "column": 3 },
          "end": { "line": 71, "column": null }
        },
        "line": 45
      },
      "1": {
        "name": "(anonymous_1)",
        "decl": {
          "start": { "line": 58, "column": 18 },
          "end": { "line": 58, "column": 19 }
        },
        "loc": {
          "start": { "line": 58, "column": 25 },
          "end": { "line": 58, "column": null }
        },
        "line": 58
      },
      "2": {
        "name": "ChangePasswordForm",
        "decl": {
          "start": { "line": 73, "column": 16 },
          "end": { "line": 73, "column": 35 }
        },
        "loc": {
          "start": { "line": 79, "column": 28 },
          "end": { "line": 247, "column": null }
        },
        "line": 79
      },
      "3": {
        "name": "(anonymous_3)",
        "decl": {
          "start": { "line": 85, "column": 12 },
          "end": { "line": 85, "column": 18 }
        },
        "loc": {
          "start": { "line": 85, "column": 18 },
          "end": { "line": 92, "column": 5 }
        },
        "line": 85
      },
      "4": {
        "name": "(anonymous_4)",
        "decl": {
          "start": { "line": 94, "column": 22 },
          "end": { "line": 94, "column": 23 }
        },
        "loc": {
          "start": { "line": 94, "column": 73 },
          "end": { "line": 96, "column": null }
        },
        "line": 94
      },
      "5": {
        "name": "(anonymous_5)",
        "decl": {
          "start": { "line": 95, "column": 16 },
          "end": { "line": 95, "column": 17 }
        },
        "loc": {
          "start": { "line": 95, "column": 27 },
          "end": { "line": 95, "column": 53 }
        },
        "line": 95
      },
      "6": {
        "name": "(anonymous_6)",
        "decl": {
          "start": { "line": 98, "column": 26 },
          "end": { "line": 98, "column": 27 }
        },
        "loc": {
          "start": { "line": 98, "column": 46 },
          "end": { "line": 101, "column": null }
        },
        "line": 98
      },
      "7": {
        "name": "(anonymous_7)",
        "decl": {
          "start": { "line": 103, "column": 19 },
          "end": { "line": 103, "column": 25 }
        },
        "loc": {
          "start": { "line": 103, "column": 25 },
          "end": { "line": 130, "column": null }
        },
        "line": 103
      },
      "8": {
        "name": "(anonymous_8)",
        "decl": {
          "start": { "line": 132, "column": 23 },
          "end": { "line": 132, "column": 30 }
        },
        "loc": {
          "start": { "line": 132, "column": 57 },
          "end": { "line": 180, "column": null }
        },
        "line": 132
      },
      "9": {
        "name": "(anonymous_9)",
        "decl": {
          "start": { "line": 182, "column": 23 },
          "end": { "line": 182, "column": 29 }
        },
        "loc": {
          "start": { "line": 182, "column": 29 },
          "end": { "line": 187, "column": null }
        },
        "line": 182
      },
      "10": {
        "name": "(anonymous_10)",
        "decl": {
          "start": { "line": 199, "column": 18 },
          "end": { "line": 199, "column": 19 }
        },
        "loc": {
          "start": { "line": 199, "column": 29 },
          "end": { "line": 199, "column": null }
        },
        "line": 199
      },
      "11": {
        "name": "(anonymous_11)",
        "decl": {
          "start": { "line": 209, "column": 18 },
          "end": { "line": 209, "column": 19 }
        },
        "loc": {
          "start": { "line": 209, "column": 29 },
          "end": { "line": 209, "column": null }
        },
        "line": 209
      },
      "12": {
        "name": "(anonymous_12)",
        "decl": {
          "start": { "line": 220, "column": 18 },
          "end": { "line": 220, "column": 19 }
        },
        "loc": {
          "start": { "line": 220, "column": 29 },
          "end": { "line": 220, "column": null }
        },
        "line": 220
      }
    },
    "branchMap": {
      "0": {
        "loc": {
          "start": { "line": 63, "column": 7 },
          "end": { "line": 64, "column": null }
        },
        "type": "binary-expr",
        "locations": [
          {
            "start": { "line": 63, "column": 7 },
            "end": { "line": 63, "column": null }
          },
          {
            "start": { "line": 64, "column": 8 },
            "end": { "line": 64, "column": null }
          }
        ],
        "line": 63
      },
      "1": {
        "loc": {
          "start": { "line": 66, "column": 7 },
          "end": { "line": 67, "column": null }
        },
        "type": "binary-expr",
        "locations": [
          {
            "start": { "line": 66, "column": 7 },
            "end": { "line": 66, "column": null }
          },
          {
            "start": { "line": 67, "column": 8 },
            "end": { "line": 67, "column": null }
          }
        ],
        "line": 66
      },
      "2": {
        "loc": {
          "start": { "line": 86, "column": 4 },
          "end": { "line": 91, "column": null }
        },
        "type": "if",
        "locations": [
          {
            "start": { "line": 86, "column": 4 },
            "end": { "line": 91, "column": null }
          },
          { "start": {}, "end": {} }
        ],
        "line": 86
      },
      "3": {
        "loc": {
          "start": { "line": 106, "column": 4 },
          "end": { "line": 110, "column": null }
        },
        "type": "if",
        "locations": [
          {
            "start": { "line": 106, "column": 4 },
            "end": { "line": 110, "column": null }
          },
          { "start": {}, "end": {} }
        ],
        "line": 106
      },
      "4": {
        "loc": {
          "start": { "line": 112, "column": 4 },
          "end": { "line": 118, "column": null }
        },
        "type": "if",
        "locations": [
          {
            "start": { "line": 112, "column": 4 },
            "end": { "line": 118, "column": null }
          },
          {
            "start": { "line": 114, "column": 4 },
            "end": { "line": 118, "column": null }
          }
        ],
        "line": 112
      },
      "5": {
        "loc": {
          "start": { "line": 114, "column": 4 },
          "end": { "line": 118, "column": null }
        },
        "type": "if",
        "locations": [
          {
            "start": { "line": 114, "column": 4 },
            "end": { "line": 118, "column": null }
          },
          {
            "start": { "line": 116, "column": 4 },
            "end": { "line": 118, "column": null }
          }
        ],
        "line": 114
      },
      "6": {
        "loc": {
          "start": { "line": 116, "column": 4 },
          "end": { "line": 118, "column": null }
        },
        "type": "if",
        "locations": [
          {
            "start": { "line": 116, "column": 4 },
            "end": { "line": 118, "column": null }
          },
          { "start": {}, "end": {} }
        ],
        "line": 116
      },
      "7": {
        "loc": {
          "start": { "line": 120, "column": 4 },
          "end": { "line": 126, "column": null }
        },
        "type": "if",
        "locations": [
          {
            "start": { "line": 120, "column": 4 },
            "end": { "line": 126, "column": null }
          },
          {
            "start": { "line": 124, "column": 4 },
            "end": { "line": 126, "column": null }
          }
        ],
        "line": 120
      },
      "8": {
        "loc": {
          "start": { "line": 124, "column": 4 },
          "end": { "line": 126, "column": null }
        },
        "type": "if",
        "locations": [
          {
            "start": { "line": 124, "column": 4 },
            "end": { "line": 126, "column": null }
          },
          { "start": {}, "end": {} }
        ],
        "line": 124
      },
      "9": {
        "loc": {
          "start": { "line": 134, "column": 4 },
          "end": { "line": 134, "column": null }
        },
        "type": "if",
        "locations": [
          {
            "start": { "line": 134, "column": 4 },
            "end": { "line": 134, "column": null }
          },
          { "start": {}, "end": {} }
        ],
        "line": 134
      },
      "10": {
        "loc": {
          "start": { "line": 139, "column": 6 },
          "end": { "line": 141, "column": null }
        },
        "type": "if",
        "locations": [
          {
            "start": { "line": 139, "column": 6 },
            "end": { "line": 141, "column": null }
          },
          { "start": {}, "end": {} }
        ],
        "line": 139
      },
      "11": {
        "loc": {
          "start": { "line": 148, "column": 6 },
          "end": { "line": 154, "column": null }
        },
        "type": "if",
        "locations": [
          {
            "start": { "line": 148, "column": 6 },
            "end": { "line": 154, "column": null }
          },
          { "start": {}, "end": {} }
        ],
        "line": 148
      },
      "12": {
        "loc": {
          "start": { "line": 160, "column": 6 },
          "end": { "line": 164, "column": null }
        },
        "type": "if",
        "locations": [
          {
            "start": { "line": 160, "column": 6 },
            "end": { "line": 164, "column": null }
          },
          { "start": {}, "end": {} }
        ],
        "line": 160
      },
      "13": {
        "loc": {
          "start": { "line": 173, "column": 8 },
          "end": { "line": 175, "column": null }
        },
        "type": "cond-expr",
        "locations": [
          {
            "start": { "line": 174, "column": 12 },
            "end": { "line": 174, "column": null }
          },
          {
            "start": { "line": 175, "column": 12 },
            "end": { "line": 175, "column": null }
          }
        ],
        "line": 173
      },
      "14": {
        "loc": {
          "start": { "line": 183, "column": 4 },
          "end": { "line": 183, "column": null }
        },
        "type": "if",
        "locations": [
          {
            "start": { "line": 183, "column": 4 },
            "end": { "line": 183, "column": null }
          },
          { "start": {}, "end": {} }
        ],
        "line": 183
      },
      "15": {
        "loc": {
          "start": { "line": 240, "column": 11 },
          "end": { "line": 242, "column": null }
        },
        "type": "cond-expr",
        "locations": [
          {
            "start": { "line": 241, "column": 14 },
            "end": { "line": 241, "column": null }
          },
          {
            "start": { "line": 242, "column": 14 },
            "end": { "line": 242, "column": null }
          }
        ],
        "line": 240
      }
    },
    "s": {
      "0": 1,
      "1": 0,
      "2": 0,
      "3": 0,
      "4": 0,
      "5": 0,
      "6": 0,
      "7": 0,
      "8": 0,
      "9": 0,
      "10": 0,
      "11": 0,
      "12": 0,
      "13": 0,
      "14": 0,
      "15": 0,
      "16": 0,
      "17": 0,
      "18": 0,
      "19": 0,
      "20": 0,
      "21": 0,
      "22": 0,
      "23": 0,
      "24": 0,
      "25": 0,
      "26": 0,
      "27": 0,
      "28": 0,
      "29": 0,
      "30": 0,
      "31": 0,
      "32": 0,
      "33": 0,
      "34": 0,
      "35": 0,
      "36": 0,
      "37": 0,
      "38": 0,
      "39": 0,
      "40": 0,
      "41": 0,
      "42": 0,
      "43": 0,
      "44": 0,
      "45": 0,
      "46": 0,
      "47": 0,
      "48": 0,
      "49": 0,
      "50": 0,
      "51": 0,
      "52": 0,
      "53": 0,
      "54": 0,
      "55": 0,
      "56": 0,
      "57": 0,
      "58": 0,
      "59": 0,
      "60": 0,
      "61": 0,
      "62": 0,
      "63": 0,
      "64": 0,
      "65": 0,
      "66": 0,
      "67": 0,
      "68": 0,
      "69": 0,
      "70": 0,
      "71": 0
    },
    "f": {
      "0": 0,
      "1": 0,
      "2": 0,
      "3": 0,
      "4": 0,
      "5": 0,
      "6": 0,
      "7": 0,
      "8": 0,
      "9": 0,
      "10": 0,
      "11": 0,
      "12": 0
    },
    "b": {
      "0": [0, 0],
      "1": [0, 0],
      "2": [0, 0],
      "3": [0, 0],
      "4": [0, 0],
      "5": [0, 0],
      "6": [0, 0],
      "7": [0, 0],
      "8": [0, 0],
      "9": [0, 0],
      "10": [0, 0],
      "11": [0, 0],
      "12": [0, 0],
      "13": [0, 0],
      "14": [0, 0],
      "15": [0, 0]
    },
    "meta": {
      "lastBranch": 16,
      "lastFunction": 13,
      "lastStatement": 72,
      "seen": {
        "s:21:21:25:Infinity": 0,
        "f:27:9:27:23": 0,
        "s:46:2:69:Infinity": 1,
        "f:58:18:58:19": 1,
        "s:58:25:58:Infinity": 2,
        "b:63:7:63:Infinity:64:8:64:Infinity": 0,
        "b:66:7:66:Infinity:67:8:67:Infinity": 1,
        "f:73:16:73:35": 2,
        "s:80:12:80:Infinity": 3,
        "s:81:30:81:Infinity": 4,
        "s:82:26:82:Infinity": 5,
        "s:83:28:83:Infinity": 6,
        "s:85:2:92:Infinity": 7,
        "f:85:12:85:18": 3,
        "b:86:4:91:Infinity:undefined:undefined:undefined:undefined": 2,
        "s:86:4:91:Infinity": 8,
        "s:87:6:87:Infinity": 9,
        "s:88:6:88:Infinity": 10,
        "s:89:6:89:Infinity": 11,
        "s:90:6:90:Infinity": 12,
        "s:94:22:96:Infinity": 13,
        "f:94:22:94:23": 4,
        "s:95:4:95:Infinity": 14,
        "f:95:16:95:17": 5,
        "s:95:27:95:53": 15,
        "s:98:26:101:Infinity": 16,
        "f:98:26:98:27": 6,
        "s:99:4:99:Infinity": 17,
        "s:100:4:100:Infinity": 18,
        "s:103:19:130:Infinity": 19,
        "f:103:19:103:25": 7,
        "s:104:35:104:Infinity": 20,
        "b:106:4:110:Infinity:undefined:undefined:undefined:undefined": 3,
        "s:106:4:110:Infinity": 21,
        "s:107:6:109:Infinity": 22,
        "b:112:4:118:Infinity:114:4:118:Infinity": 4,
        "s:112:4:118:Infinity": 23,
        "s:113:6:113:Infinity": 24,
        "b:114:4:118:Infinity:116:4:118:Infinity": 5,
        "s:114:4:118:Infinity": 25,
        "s:115:6:115:Infinity": 26,
        "b:116:4:118:Infinity:undefined:undefined:undefined:undefined": 6,
        "s:116:4:118:Infinity": 27,
        "s:117:6:117:Infinity": 28,
        "b:120:4:126:Infinity:124:4:126:Infinity": 7,
        "s:120:4:126:Infinity": 29,
        "s:121:6:123:Infinity": 30,
        "b:124:4:126:Infinity:undefined:undefined:undefined:undefined": 8,
        "s:124:4:126:Infinity": 31,
        "s:125:6:125:Infinity": 32,
        "s:128:4:128:Infinity": 33,
        "s:129:4:129:Infinity": 34,
        "s:132:23:180:Infinity": 35,
        "f:132:23:132:30": 8,
        "s:133:4:133:Infinity": 36,
        "b:134:4:134:Infinity:undefined:undefined:undefined:undefined": 9,
        "s:134:4:134:Infinity": 37,
        "s:134:21:134:Infinity": 38,
        "s:136:4:136:Infinity": 39,
        "s:137:4:179:Infinity": 40,
        "s:138:33:138:Infinity": 41,
        "b:139:6:141:Infinity:undefined:undefined:undefined:undefined": 10,
        "s:139:6:141:Infinity": 42,
        "s:140:8:140:Infinity": 43,
        "s:143:37:146:Infinity": 44,
        "b:148:6:154:Infinity:undefined:undefined:undefined:undefined": 11,
        "s:148:6:154:Infinity": 45,
        "s:149:8:151:Infinity": 46,
        "s:152:8:152:Infinity": 47,
        "s:153:8:153:Infinity": 48,
        "s:156:37:158:Infinity": 49,
        "b:160:6:164:Infinity:undefined:undefined:undefined:undefined": 12,
        "s:160:6:164:Infinity": 50,
        "s:161:8:161:Infinity": 51,
        "s:162:8:162:Infinity": 52,
        "s:163:8:163:Infinity": 53,
        "s:166:6:166:Infinity": 54,
        "s:167:6:167:Infinity": 55,
        "s:168:6:168:Infinity": 56,
        "s:169:6:169:Infinity": 57,
        "s:171:6:171:Infinity": 58,
        "s:173:8:175:Infinity": 59,
        "b:174:12:174:Infinity:175:12:175:Infinity": 13,
        "s:176:6:176:Infinity": 60,
        "s:178:6:178:Infinity": 61,
        "s:182:23:187:Infinity": 62,
        "f:182:23:182:29": 9,
        "b:183:4:183:Infinity:undefined:undefined:undefined:undefined": 14,
        "s:183:4:183:Infinity": 63,
        "s:183:17:183:Infinity": 64,
        "s:184:4:184:Infinity": 65,
        "s:185:4:185:Infinity": 66,
        "s:186:4:186:Infinity": 67,
        "s:189:2:245:Infinity": 68,
        "f:199:18:199:19": 10,
        "s:199:29:199:Infinity": 69,
        "f:209:18:209:19": 11,
        "s:209:29:209:Infinity": 70,
        "f:220:18:220:19": 12,
        "s:220:29:220:Infinity": 71,
        "b:241:14:241:Infinity:242:14:242:Infinity": 15
      }
    }
  },
  "/Users/igorms/Documents/Dev/onelink/apps/web/src/routes/Settings/components/ChangePasswordModal.tsx": {
    "path": "/Users/igorms/Documents/Dev/onelink/apps/web/src/routes/Settings/components/ChangePasswordModal.tsx",
    "statementMap": {
      "0": {
        "start": { "line": 29, "column": 12 },
        "end": { "line": 29, "column": null }
      },
      "1": {
        "start": { "line": 30, "column": 8 },
        "end": { "line": 30, "column": null }
      },
      "2": {
        "start": { "line": 31, "column": 34 },
        "end": { "line": 31, "column": null }
      },
      "3": {
        "start": { "line": 33, "column": 28 },
        "end": { "line": 35, "column": null }
      },
      "4": {
        "start": { "line": 34, "column": 4 },
        "end": { "line": 34, "column": null }
      },
      "5": {
        "start": { "line": 37, "column": 22 },
        "end": { "line": 41, "column": null }
      },
      "6": {
        "start": { "line": 38, "column": 4 },
        "end": { "line": 40, "column": null }
      },
      "7": {
        "start": { "line": 39, "column": 6 },
        "end": { "line": 39, "column": null }
      },
      "8": {
        "start": { "line": 43, "column": 27 },
        "end": { "line": 48, "column": null }
      },
      "9": {
        "start": { "line": 44, "column": 4 },
        "end": { "line": 46, "column": null }
      },
      "10": {
        "start": { "line": 45, "column": 6 },
        "end": { "line": 45, "column": null }
      },
      "11": {
        "start": { "line": 47, "column": 4 },
        "end": { "line": 47, "column": null }
      },
      "12": {
        "start": { "line": 51, "column": 4 },
        "end": { "line": 56, "column": null }
      },
      "13": {
        "start": { "line": 54, "column": 23 },
[...]
        },
        "line": 51
      },
      "2": {
        "name": "(anonymous_2)",
        "decl": {
          "start": { "line": 65, "column": 22 },
          "end": { "line": 65, "column": 23 }
        },
        "loc": {
          "start": { "line": 66, "column": 14 },
          "end": { "line": 66, "column": null }
        },
        "line": 66
      }
    },
    "branchMap": {
      "0": {
        "loc": {
          "start": { "line": 10, "column": 2 },
          "end": { "line": 28, "column": null }
        },
        "type": "if",
        "locations": [
          {
            "start": { "line": 10, "column": 2 },
            "end": { "line": 28, "column": null }
          },
          { "start": {}, "end": {} }
        ],
        "line": 10
      }
    },
    "s": { "0": 2, "1": 2, "2": 2, "3": 0, "4": 2, "5": 0, "6": 0 },
    "f": { "0": 2, "1": 0, "2": 0 },
    "b": { "0": [0, 2] },
    "meta": {
      "lastBranch": 1,
      "lastFunction": 3,
      "lastStatement": 7,
      "seen": {
        "f:5:16:5:39": 0,
        "s:6:12:6:Infinity": 0,
        "s:7:57:8:Infinity": 1,
        "b:10:2:28:Infinity:undefined:undefined:undefined:undefined": 0,
        "s:10:2:28:Infinity": 2,
        "s:11:4:26:Infinity": 3,
        "s:30:2:73:Infinity": 4,
        "f:50:22:50:23": 1,
        "s:51:14:51:Infinity": 5,
        "f:65:22:65:23": 2,
        "s:66:14:66:Infinity": 6
      }
    }
  },
  "/Users/igorms/Documents/Dev/onelink/apps/web/src/routes/Settings/components/PrivacySecuritySection.tsx": {
    "path": "/Users/igorms/Documents/Dev/onelink/apps/web/src/routes/Settings/components/PrivacySecuritySection.tsx",
    "statementMap": {
      "0": {
        "start": { "line": 9, "column": 12 },
        "end": { "line": 9, "column": null }
      },
      "1": {
        "start": { "line": 10, "column": 8 },
        "end": { "line": 10, "column": null }
      },
      "2": {
        "start": { "line": 11, "column": 54 },
        "end": { "line": 11, "column": null }
      },
      "3": {
        "start": { "line": 12, "column": 48 },
        "end": { "line": 12, "column": null }
      },
      "4": {
        "start": { "line": 14, "column": 20 },
        "end": { "line": 16, "column": null }
      },
      "5": {
        "start": { "line": 15, "column": 4 },
        "end": { "line": 15, "column": null }
      },
      "6": {
        "start": { "line": 18, "column": 2 },
        "end": { "line": 62, "column": null }
      },
      "7": {
        "start": { "line": 33, "column": 27 },
        "end": { "line": 33, "column": null }
      },
      "8": {
        "start": { "line": 47, "column": 27 },
        "end": { "line": 47, "column": null }
      }
    },
    "fnMap": {
      "0": {
        "name": "PrivacySecuritySection",
        "decl": {
          "start": { "line": 8, "column": 16 },
          "end": { "line": 8, "column": 41 }
        },
        "loc": {
          "start": { "line": 8, "column": 41 },
          "end": { "line": 64, "column": null }
        },
        "line": 8
      },
      "1": {
        "name": "(anonymous_1)",
        "decl": {
          "start": { "line": 14, "column": 20 },
          "end": { "line": 14, "column": 26 }
        },
        "loc": {
          "start": { "line": 14, "column": 26 },
          "end": { "line": 16, "column": null }
        },
        "line": 14
      },
      "2": {
        "name": "(anonymous_2)",
        "decl": {
          "start": { "line": 33, "column": 21 },
          "end": { "line": 33, "column": 27 }
        },
        "loc": {
          "start": { "line": 33, "column": 27 },
          "end": { "line": 33, "column": null }
        },
        "line": 33
      },
      "3": {
        "name": "(anonymous_3)",
        "decl": {
          "start": { "line": 47, "column": 21 },
          "end": { "line": 47, "column": 27 }
        },
        "loc": {
          "start": { "line": 47, "column": 27 },
          "end": { "line": 47, "column": null }
        },
        "line": 47
      }
    },
    "branchMap": {},
    "s": {
      "0": 2,
      "1": 2,
      "2": 2,
      "3": 2,
      "4": 2,
      "5": 0,
      "6": 2,
      "7": 0,
      "8": 0
    },
    "f": { "0": 2, "1": 0, "2": 0, "3": 0 },
    "b": {},
    "meta": {
      "lastBranch": 0,
      "lastFunction": 4,
      "lastStatement": 9,
      "seen": {
        "f:8:16:8:41": 0,
        "s:9:12:9:Infinity": 0,
        "s:10:8:10:Infinity": 1,
        "s:11:54:11:Infinity": 2,
        "s:12:48:12:Infinity": 3,
        "s:14:20:16:Infinity": 4,
        "f:14:20:14:26": 1,
        "s:15:4:15:Infinity": 5,
        "s:18:2:62:Infinity": 6,
        "f:33:21:33:27": 2,
        "s:33:27:33:Infinity": 7,
        "f:47:21:47:27": 3,
        "s:47:27:47:Infinity": 8
      }
    }
  },
  "/Users/igorms/Documents/Dev/onelink/apps/web/src/routes/Settings/components/index.ts": {
    "path": "/Users/igorms/Documents/Dev/onelink/apps/web/src/routes/Settings/components/index.ts",
    "statementMap": {},
    "fnMap": {},
    "branchMap": {},
    "s": {},
    "f": {},
    "b": {},
    "meta": {
      "lastBranch": 0,
      "lastFunction": 0,
      "lastStatement": 0,
      "seen": {}
    }
  },
  "/Users/igorms/Documents/Dev/onelink/apps/web/src/routes/Settings/components/DataExport/DataExportActions.tsx": {
    "path": "/Users/igorms/Documents/Dev/onelink/apps/web/src/routes/Settings/components/DataExport/DataExportActions.tsx",
    "statementMap": {
      "0": {
        "start": { "line": 21, "column": 12 },
        "end": { "line": 21, "column": null }
      },
      "1": {
        "start": { "line": 23, "column": 2 },
        "end": { "line": 61, "column": null }
      }
    },
    "fnMap": {
      "0": {
        "name": "DataExportActions",
        "decl": {
          "start": { "line": 13, "column": 16 },
          "end": { "line": 13, "column": 34 }
        },
        "loc": {
          "start": { "line": 20, "column": 27 },
          "end": { "line": 63, "column": null }
        },
        "line": 20
      }
    },
    "branchMap": {
      "0": {
        "loc": {
          "start": { "line": 30, "column": 9 },
          "end": { "line": 30, "column": null }
        },
        "type": "cond-expr",
        "locations": [
          {
            "start": { "line": 30, "column": 19 },
            "end": { "line": 30, "column": 39 }
          },
          {
            "start": { "line": 30, "column": 39 },
            "end": { "line": 30, "column": null }
          }
        ],
        "line": 30
      },
      "1": {
        "loc": {
          "start": { "line": 32, "column": 7 },
          "end": { "line": 59, "column": null }
        },
        "type": "cond-expr",
        "locations": [
          {
            "start": { "line": 33, "column": 8 },
            "end": { "line": 40, "column": null }
          },
          {
            "start": { "line": 42, "column": 8 },
            "end": { "line": 59, "column": null }
          }
        ],
        "line": 32
      },
      "2": {
        "loc": {
          "start": { "line": 45, "column": 20 },
          "end": { "line": 45, "column": null }
        },
        "type": "binary-expr",
        "locations": [
          {
            "start": { "line": 45, "column": 20 },
            "end": { "line": 45, "column": 36 }
          },
          {
            "start": { "line": 45, "column": 36 },
            "end": { "line": 45, "column": null }
          }
        ],
        "line": 45
      },
      "3": {
        "loc": {
          "start": { "line": 48, "column": 11 },
          "end": { "line": 57, "column": null }
        },
        "type": "cond-expr",
        "locations": [
          {
            "start": { "line": 49, "column": 12 },
            "end": { "line": 52, "column": null }
          },
          {
            "start": { "line": 54, "column": 12 },
            "end": { "line": 57, "column": null }
          }
        ],
        "line": 48
      }
    },
    "s": { "0": 0, "1": 0 },
    "f": { "0": 0 },
    "b": { "0": [0, 0], "1": [0, 0], "2": [0, 0], "3": [0, 0] },
    "meta": {
      "lastBranch": 4,
      "lastFunction": 1,
      "lastStatement": 2,
      "seen": {
        "f:13:16:13:34": 0,
        "s:21:12:21:Infinity": 0,
        "s:23:2:61:Infinity": 1,
        "b:30:19:30:39:30:39:30:Infinity": 0,
        "b:33:8:40:Infinity:42:8:59:Infinity": 1,
        "b:45:20:45:36:45:36:45:Infinity": 2,
        "b:49:12:52:Infinity:54:12:57:Infinity": 3
      }
    }
  },
  "/Users/igorms/Documents/Dev/onelink/apps/web/src/routes/Settings/components/DataExport/DataExportForm.tsx": {
    "path": "/Users/igorms/Documents/Dev/onelink/apps/web/src/routes/Settings/components/DataExport/DataExportForm.tsx",
    "statementMap": {
      "0": {
        "start": { "line": 24, "column": 12 },
        "end": { "line": 24, "column": null }
      },
      "1": {
        "start": { "line": 26, "column": 62 },
        "end": { "line": 38, "column": null }
      },
      "2": {
        "start": { "line": 40, "column": 2 },
        "end": { "line": 108, "column": null }
      },
      "3": {
        "start": { "line": 54, "column": 30 },
        "end": { "line": 54, "column": null }
      },
      "4": {
        "start": { "line": 67, "column": 30 },
        "end": { "line": 67, "column": null }
      },
      "5": {
        "start": { "line": 84, "column": 12 },
        "end": { "line": 97, "column": null }
      },
      "6": {
        "start": { "line": 91, "column": 32 },
        "end": { "line": 91, "column": null }
      }
    },
    "fnMap": {
      "0": {
        "name": "DataExportForm",
        "decl": {
          "start": { "line": 18, "column": 16 },
          "end": { "line": 18, "column": 31 }
        },
        "loc": {
          "start": { "line": 23, "column": 24 },
          "end": { "line": 110, "column": null }
        },
        "line": 23
      },
      "1": {
        "name": "(anonymous_1)",
        "decl": {
          "start": { "line": 54, "column": 24 },
          "end": { "line": 54, "column": 30 }
        },
        "loc": {
          "start": { "line": 54, "column": 30 },
          "end": { "line": 54, "column": null }
        },
        "line": 54
      },
      "2": {
        "name": "(anonymous_2)",
        "decl": {
          "start": { "line": 67, "column": 24 },
          "end": { "line": 67, "column": 30 }
        },
        "loc": {
          "start": { "line": 67, "column": 30 },
          "end": { "line": 67, "column": null }
        },
        "line": 67
      },
      "3": {
        "name": "(anonymous_3)",
        "decl": {
          "start": { "line": 83, "column": 25 },
          "end": { "line": 83, "column": 26 }
        },
        "loc": {
          "start": { "line": 84, "column": 12 },
          "end": { "line": 97, "column": null }
        },
        "line": 84
      },
      "4": {
        "name": "(anonymous_4)",
        "decl": {
          "start": { "line": 91, "column": 26 },
          "end": { "line": 91, "column": 32 }
        },
        "loc": {
          "start": { "line": 91, "column": 32 },
          "end": { "line": 91, "column": null }
        },
        "line": 91
      }
    },
    "branchMap": {},
    "s": { "0": 0, "1": 0, "2": 0, "3": 0, "4": 0, "5": 0, "6": 0 },
    "f": { "0": 0, "1": 0, "2": 0, "3": 0, "4": 0 },
    "b": {},
    "meta": {
      "lastBranch": 0,
      "lastFunction": 5,
      "lastStatement": 7,
      "seen": {
        "f:18:16:18:31": 0,
        "s:24:12:24:Infinity": 0,
        "s:26:62:38:Infinity": 1,
        "s:40:2:108:Infinity": 2,
        "f:54:24:54:30": 1,
        "s:54:30:54:Infinity": 3,
        "f:67:24:67:30": 2,
        "s:67:30:67:Infinity": 4,
        "f:83:25:83:26": 3,
        "s:84:12:97:Infinity": 5,
        "f:91:26:91:32": 4,
        "s:91:32:91:Infinity": 6
      }
    }
  },
  "/Users/igorms/Documents/Dev/onelink/apps/web/src/routes/Settings/components/DataExport/DataExportProgress.tsx": {
    "path": "/Users/igorms/Documents/Dev/onelink/apps/web/src/routes/Settings/components/DataExport/DataExportProgress.tsx",
    "statementMap": {
      "0": {
        "start": { "line": 8, "column": 12 },
        "end": { "line": 8, "column": null }
      },
      "1": {
        "start": { "line": 10, "column": 2 },
        "end": { "line": 24, "column": null }
      }
    },
    "fnMap": {
      "0": {
        "name": "DataExportProgress",
        "decl": {
          "start": { "line": 7, "column": 16 },
          "end": { "line": 7, "column": 35 }
        },
        "loc": {
          "start": { "line": 7, "column": 74 },
          "end": { "line": 26, "column": null }
        },
        "line": 7
      }
    },
    "branchMap": {},
    "s": { "0": 0, "1": 0 },
    "f": { "0": 0 },
    "b": {},
    "meta": {
      "lastBranch": 0,
      "lastFunction": 1,
      "lastStatement": 2,
      "seen": {
        "f:7:16:7:35": 0,
        "s:8:12:8:Infinity": 0,
        "s:10:2:24:Infinity": 1
      }
    }
  },
  "/Users/igorms/Documents/Dev/onelink/apps/web/src/routes/Settings/components/DataExport/DataExportReadyState.tsx": {
    "path": "/Users/igorms/Documents/Dev/onelink/apps/web/src/routes/Settings/components/DataExport/DataExportReadyState.tsx",
    "statementMap": {
      "0": {
        "start": { "line": 5, "column": 12 },
        "end": { "line": 5, "column": null }
      },
      "1": {
        "start": { "line": 7, "column": 2 },
        "end": { "line": 20, "column": null }
      }
    },
    "fnMap": {
      "0": {
        "name": "DataExportReadyState",
        "decl": {
          "start": { "line": 4, "column": 16 },
          "end": { "line": 4, "column": 39 }
        },
        "loc": {
          "start": { "line": 4, "column": 39 },
          "end": { "line": 22, "column": null }
        },
        "line": 4
      }
    },
    "branchMap": {},
    "s": { "0": 0, "1": 0 },
    "f": { "0": 0 },
    "b": {},
    "meta": {
      "lastBranch": 0,
      "lastFunction": 1,
      "lastStatement": 2,
      "seen": {
        "f:4:16:4:39": 0,
        "s:5:12:5:Infinity": 0,
        "s:7:2:20:Infinity": 1
      }
    }
  },
  "/Users/igorms/Documents/Dev/onelink/apps/web/src/routes/Settings/components/DataExport/index.ts": {
    "path": "/Users/igorms/Documents/Dev/onelink/apps/web/src/routes/Settings/components/DataExport/index.ts",
    "statementMap": {},
    "fnMap": {},
    "branchMap": {},
    "s": {},
    "f": {},
    "b": {},
    "meta": {
      "lastBranch": 0,
      "lastFunction": 0,
      "lastStatement": 0,
      "seen": {}
    }
  },
  "/Users/igorms/Documents/Dev/onelink/apps/web/src/routes/Settings/components/DeleteAccount/DeleteAccountForm.tsx": {
    "path": "/Users/igorms/Documents/Dev/onelink/apps/web/src/routes/Settings/components/DeleteAccount/DeleteAccountForm.tsx",
    "statementMap": {
      "0": {
        "start": { "line": 27, "column": 12 },
        "end": { "line": 27, "column": null }
      },
      "1": {
        "start": { "line": 29, "column": 2 },
        "end": { "line": 96, "column": null }
      },
      "2": {
        "start": { "line": 43, "column": 27 },
        "end": { "line": 43, "column": null }
      },
      "3": {
        "start": { "line": 57, "column": 27 },
        "end": { "line": 57, "column": null }
      }
    },
    "fnMap": {
      "0": {
        "name": "DeleteAccountForm",
        "decl": {
          "start": { "line": 16, "column": 16 },
          "end": { "line": 16, "column": 34 }
        },
        "loc": {
          "start": { "line": 26, "column": 27 },
          "end": { "line": 98, "column": null }
        },
        "line": 26
      },
      "1": {
        "name": "(anonymous_1)",
        "decl": {
          "start": { "line": 43, "column": 20 },
          "end": { "line": 43, "column": 21 }
        },
        "loc": {
          "start": { "line": 43, "column": 27 },
          "end": { "line": 43, "column": null }
        },
        "line": 43
      },
      "2": {
        "name": "(anonymous_2)",
        "decl": {
          "start": { "line": 57, "column": 20 },
          "end": { "line": 57, "column": 21 }
        },
        "loc": {
          "start": { "line": 57, "column": 27 },
          "end": { "line": 57, "column": null }
        },
        "line": 57
      }
    },
    "branchMap": {
      "0": {
        "loc": {
          "start": { "line": 71, "column": 7 },
          "end": { "line": 74, "column": null }
        },
        "type": "binary-expr",
        "locations": [
          {
            "start": { "line": 71, "column": 7 },
            "end": { "line": 71, "column": null }
          },
          {
            "start": { "line": 72, "column": 8 },
            "end": { "line": 74, "column": null }
          }
        ],
        "line": 71
      },
      "1": {
        "loc": {
          "start": { "line": 89, "column": 20 },
          "end": { "line": 89, "column": null }
        },
        "type": "binary-expr",
        "locations": [
          {
            "start": { "line": 89, "column": 20 },
            "end": { "line": 89, "column": 32 }
          },
          {
            "start": { "line": 89, "column": 32 },
            "end": { "line": 89, "column": null }
          }
        ],
        "line": 89
      },
      "2": {
        "loc": {
          "start": { "line": 92, "column": 11 },
          "end": { "line": 92, "column": null }
        },
        "type": "binary-expr",
        "locations": [
          {
            "start": { "line": 92, "column": 11 },
            "end": { "line": 92, "column": 24 }
          },
          {
            "start": { "line": 92, "column": 24 },
            "end": { "line": 92, "column": null }
          }
        ],
        "line": 92
      }
    },
    "s": { "0": 0, "1": 0, "2": 0, "3": 0 },
    "f": { "0": 0, "1": 0, "2": 0 },
    "b": { "0": [0, 0], "1": [0, 0], "2": [0, 0] },
    "meta": {
      "lastBranch": 3,
      "lastFunction": 3,
      "lastStatement": 4,
      "seen": {
        "f:16:16:16:34": 0,
        "s:27:12:27:Infinity": 0,
        "s:29:2:96:Infinity": 1,
        "f:43:20:43:21": 1,
        "s:43:27:43:Infinity": 2,
        "f:57:20:57:21": 2,
        "s:57:27:57:Infinity": 3,
        "b:71:7:71:Infinity:72:8:74:Infinity": 0,
        "b:89:20:89:32:89:32:89:Infinity": 1,
        "b:92:11:92:24:92:24:92:Infinity": 2
      }
    }
  },
  "/Users/igorms/Documents/Dev/onelink/apps/web/src/routes/Settings/components/DeleteAccount/DeleteAccountWarning.tsx": {
    "path": "/Users/igorms/Documents/Dev/onelink/apps/web/src/routes/Settings/components/DeleteAccount/DeleteAccountWarning.tsx",
    "statementMap": {
      "0": {
        "start": { "line": 5, "column": 12 },
        "end": { "line": 5, "column": null }
      },
      "1": {
        "start": { "line": 7, "column": 2 },
        "end": { "line": 20, "column": null }
      }
    },
    "fnMap": {
      "0": {
        "name": "DeleteAccountWarning",
        "decl": {
          "start": { "line": 4, "column": 16 },
          "end": { "line": 4, "column": 39 }
        },
        "loc": {
          "start": { "line": 4, "column": 39 },
          "end": { "line": 22, "column": null }
        },
        "line": 4
      }
    },
    "branchMap": {},
    "s": { "0": 0, "1": 0 },
    "f": { "0": 0 },
    "b": {},
    "meta": {
      "lastBranch": 0,
      "lastFunction": 1,
      "lastStatement": 2,
      "seen": {
        "f:4:16:4:39": 0,
        "s:5:12:5:Infinity": 0,
        "s:7:2:20:Infinity": 1
      }
    }
  },
  "/Users/igorms/Documents/Dev/onelink/apps/web/src/routes/Settings/components/DeleteAccount/index.ts": {
    "path": "/Users/igorms/Documents/Dev/onelink/apps/web/src/routes/Settings/components/DeleteAccount/index.ts",
    "statementMap": {},
    "fnMap": {},
    "branchMap": {},
    "s": {},
    "f": {},
    "b": {},
    "meta": {
      "lastBranch": 0,
      "lastFunction": 0,
      "lastStatement": 0,
      "seen": {}
    }
  }
}
